> Task :app:preBuild UP-TO-DATE
> Task :app:preDebugBuild UP-TO-DATE
> Task :app:mergeDebugNativeDebugMetadata NO-SOURCE
> Task :app:checkDebugAarMetadata UP-TO-DATE
> Task :app:processDebugNavigationResources UP-TO-DATE
> Task :app:compileDebugNavigationResources UP-TO-DATE
> Task :app:generateDebugResValues UP-TO-DATE
> Task :app:mapDebugSourceSetPaths UP-TO-DATE
> Task :app:generateDebugResources UP-TO-DATE
> Task :app:mergeDebugResources UP-TO-DATE
> Task :app:packageDebugResources UP-TO-DATE
> Task :app:parseDebugLocalResources UP-TO-DATE
> Task :app:createDebugCompatibleScreenManifests UP-TO-DATE
> Task :app:extractDeepLinksDebug UP-TO-DATE
> Task :app:processDebugMainManifest UP-TO-DATE
> Task :app:processDebugManifest UP-TO-DATE
> Task :app:processDebugManifestForPackage UP-TO-DATE
> Task :app:processDebugResources UP-TO-DATE
> Task :app:compileDebugKotlin UP-TO-DATE
> Task :app:javaPreCompileDebug UP-TO-DATE
> Task :app:compileDebugJavaWithJavac NO-SOURCE
> Task :app:mergeDebugShaders UP-TO-DATE
> Task :app:compileDebugShaders NO-SOURCE
> Task :app:generateDebugAssets UP-TO-DATE
> Task :app:mergeDebugAssets UP-TO-DATE
> Task :app:compressDebugAssets UP-TO-DATE
> Task :app:processDebugJavaRes UP-TO-DATE
> Task :app:mergeDebugJavaResource UP-TO-DATE
> Task :app:checkDebugDuplicateClasses UP-TO-DATE
> Task :app:desugarDebugFileDependencies UP-TO-DATE
> Task :app:mergeExtDexDebug UP-TO-DATE
> Task :app:mergeLibDexDebug UP-TO-DATE
> Task :app:dexBuilderDebug UP-TO-DATE
> Task :app:mergeProjectDexDebug UP-TO-DATE
> Task :app:configureCMakeDebug[arm64-v8a]

> Task :app:buildCMakeDebug[arm64-v8a] FAILED
C/C++: ninja: Entering directory `/Users/danielmiller/Documents/Code Projects/ancient-halley/app/.cxx/Debug/b514eo4k/arm64-v8a'
C/C++: /Users/danielmiller/Library/Android/sdk/ndk/27.0.12077973/toolchains/llvm/prebuilt/darwin-x86_64/bin/clang++ --target=aarch64-none-linux-android26 --sysroot=/Users/danielmiller/Library/Android/sdk/ndk/27.0.12077973/toolchains/llvm/prebuilt/darwin-x86_64/sysroot -Dnative_lib_EXPORTS -isystem /Users/danielmiller/.gradle/caches/8.13/transforms/a0de23ce9aa0dadb88065bbd5f98db59/transformed/oboe-1.9.0/prefab/modules/oboe/include -g -DANDROID -fdata-sections -ffunction-sections -funwind-tables -fstack-protector-strong -no-canonical-prefixes -D_FORTIFY_SOURCE=2 -Wformat -Werror=format-security  -std=c++17 -fno-limit-debug-info  -fPIC -MD -MT CMakeFiles/native-lib.dir/AudioEngine.cpp.o -MF CMakeFiles/native-lib.dir/AudioEngine.cpp.o.d -o CMakeFiles/native-lib.dir/AudioEngine.cpp.o -c '/Users/danielmiller/Documents/Code Projects/ancient-halley/app/src/main/cpp/AudioEngine.cpp'
C/C++: /Users/danielmiller/Documents/Code Projects/ancient-halley/app/src/main/cpp/AudioEngine.cpp:148:29: error: no member named 'setCurrentStepIndex' in 'Sequencer'
C/C++:   148 |             track.sequencer.setCurrentStepIndex(seqStep);
C/C++:       |             ~~~~~~~~~~~~~~~ ^
C/C++: /Users/danielmiller/Documents/Code Projects/ancient-halley/app/src/main/cpp/AudioEngine.cpp:150:32: error: binding reference of type 'vector<...>' to value of type 'const vector<...>' drops 'const' qualifier
C/C++:   150 |             std::vector<Step> &steps = track.sequencer.getSteps();
C/C++:       |                                ^       ~~~~~~~~~~~~~~~~~~~~~~~~~~
C/C++: /Users/danielmiller/Documents/Code Projects/ancient-halley/app/src/main/cpp/AudioEngine.cpp:346:26: error: use of undeclared identifier 'finalOut'
C/C++:   346 |       if (!std::isfinite(finalOut))
C/C++:       |                          ^
C/C++: /Users/danielmiller/Documents/Code Projects/ancient-halley/app/src/main/cpp/AudioEngine.cpp:347:9: error: use of undeclared identifier 'finalOut'
C/C++:   347 |         finalOut = 0.0f;
C/C++:       |         ^
C/C++: /Users/danielmiller/Documents/Code Projects/ancient-halley/app/src/main/cpp/AudioEngine.cpp:359:26: error: use of undeclared identifier 'finalOut'
C/C++:   359 |       output[outIndex] = finalOut + spreadL;
C/C++:       |                          ^
C/C++: /Users/danielmiller/Documents/Code Projects/ancient-halley/app/src/main/cpp/AudioEngine.cpp:361:32: error: use of undeclared identifier 'finalOut'
C/C++:   361 |         output[outIndex + 1] = finalOut + spreadR;
C/C++:       |                                ^
C/C++: 6 errors generated.

[Incubating] Problems report is available at: file:///Users/danielmiller/Documents/Code%20Projects/ancient-halley/build/reports/problems/problems-report.html

FAILURE: Build failed with an exception.

* What went wrong:
Execution failed for task ':app:buildCMakeDebug[arm64-v8a]'.
> com.android.ide.common.process.ProcessException: ninja: Entering directory `/Users/danielmiller/Documents/Code Projects/ancient-halley/app/.cxx/Debug/b514eo4k/arm64-v8a'
  [1/2] Building CXX object CMakeFiles/native-lib.dir/AudioEngine.cpp.o
  FAILED: CMakeFiles/native-lib.dir/AudioEngine.cpp.o 
  /Users/danielmiller/Library/Android/sdk/ndk/27.0.12077973/toolchains/llvm/prebuilt/darwin-x86_64/bin/clang++ --target=aarch64-none-linux-android26 --sysroot=/Users/danielmiller/Library/Android/sdk/ndk/27.0.12077973/toolchains/llvm/prebuilt/darwin-x86_64/sysroot -Dnative_lib_EXPORTS -isystem /Users/danielmiller/.gradle/caches/8.13/transforms/a0de23ce9aa0dadb88065bbd5f98db59/transformed/oboe-1.9.0/prefab/modules/oboe/include -g -DANDROID -fdata-sections -ffunction-sections -funwind-tables -fstack-protector-strong -no-canonical-prefixes -D_FORTIFY_SOURCE=2 -Wformat -Werror=format-security  -std=c++17 -fno-limit-debug-info  -fPIC -MD -MT CMakeFiles/native-lib.dir/AudioEngine.cpp.o -MF CMakeFiles/native-lib.dir/AudioEngine.cpp.o.d -o CMakeFiles/native-lib.dir/AudioEngine.cpp.o -c '/Users/danielmiller/Documents/Code Projects/ancient-halley/app/src/main/cpp/AudioEngine.cpp'
  /Users/danielmiller/Documents/Code Projects/ancient-halley/app/src/main/cpp/AudioEngine.cpp:148:29: error: no member named 'setCurrentStepIndex' in 'Sequencer'
    148 |             track.sequencer.setCurrentStepIndex(seqStep);
        |             ~~~~~~~~~~~~~~~ ^
  /Users/danielmiller/Documents/Code Projects/ancient-halley/app/src/main/cpp/AudioEngine.cpp:150:32: error: binding reference of type 'vector<...>' to value of type 'const vector<...>' drops 'const' qualifier
    150 |             std::vector<Step> &steps = track.sequencer.getSteps();
        |                                ^       ~~~~~~~~~~~~~~~~~~~~~~~~~~
  /Users/danielmiller/Documents/Code Projects/ancient-halley/app/src/main/cpp/AudioEngine.cpp:346:26: error: use of undeclared identifier 'finalOut'
    346 |       if (!std::isfinite(finalOut))
        |                          ^
  /Users/danielmiller/Documents/Code Projects/ancient-halley/app/src/main/cpp/AudioEngine.cpp:347:9: error: use of undeclared identifier 'finalOut'
    347 |         finalOut = 0.0f;
        |         ^
  /Users/danielmiller/Documents/Code Projects/ancient-halley/app/src/main/cpp/AudioEngine.cpp:359:26: error: use of undeclared identifier 'finalOut'
    359 |       output[outIndex] = finalOut + spreadL;
        |                          ^
  /Users/danielmiller/Documents/Code Projects/ancient-halley/app/src/main/cpp/AudioEngine.cpp:361:32: error: use of undeclared identifier 'finalOut'
    361 |         output[outIndex + 1] = finalOut + spreadR;
        |                                ^
  6 errors generated.
  ninja: build stopped: subcommand failed.
  
  C++ build system [build] failed while executing:
      /Users/danielmiller/Library/Android/sdk/cmake/3.22.1/bin/ninja \
        -C \
        "/Users/danielmiller/Documents/Code Projects/ancient-halley/app/.cxx/Debug/b514eo4k/arm64-v8a" \
        native-lib
    from /Users/danielmiller/Documents/Code Projects/ancient-halley/app

* Try:
> Run with --stacktrace option to get the stack trace.
> Run with --info or --debug option to get more log output.
> Run with --scan to get full insights.
> Get more help at https://help.gradle.org.

Deprecated Gradle features were used in this build, making it incompatible with Gradle 9.0.

You can use '--warning-mode all' to show the individual deprecation warnings and determine if they come from your own scripts or plugins.

For more on this, please refer to https://docs.gradle.org/8.13/userguide/command_line_interface.html#sec:command_line_warnings in the Gradle documentation.

BUILD FAILED in 6s
30 actionable tasks: 2 executed, 28 up-to-date
