> Task :app:preBuild UP-TO-DATE
> Task :app:preDebugBuild UP-TO-DATE
> Task :app:mergeDebugNativeDebugMetadata NO-SOURCE
> Task :app:checkDebugAarMetadata UP-TO-DATE
> Task :app:processDebugNavigationResources UP-TO-DATE
> Task :app:compileDebugNavigationResources UP-TO-DATE
> Task :app:generateDebugResValues UP-TO-DATE
> Task :app:mapDebugSourceSetPaths UP-TO-DATE
> Task :app:generateDebugResources UP-TO-DATE
> Task :app:mergeDebugResources UP-TO-DATE
> Task :app:packageDebugResources UP-TO-DATE
> Task :app:parseDebugLocalResources UP-TO-DATE
> Task :app:createDebugCompatibleScreenManifests UP-TO-DATE
> Task :app:extractDeepLinksDebug UP-TO-DATE
> Task :app:processDebugMainManifest UP-TO-DATE
> Task :app:processDebugManifest UP-TO-DATE
> Task :app:processDebugManifestForPackage UP-TO-DATE
> Task :app:processDebugResources UP-TO-DATE
> Task :app:javaPreCompileDebug UP-TO-DATE
> Task :app:mergeDebugShaders UP-TO-DATE
> Task :app:compileDebugShaders NO-SOURCE
> Task :app:generateDebugAssets UP-TO-DATE
> Task :app:mergeDebugAssets UP-TO-DATE
> Task :app:compressDebugAssets UP-TO-DATE
> Task :app:checkDebugDuplicateClasses UP-TO-DATE
> Task :app:desugarDebugFileDependencies UP-TO-DATE
> Task :app:mergeExtDexDebug UP-TO-DATE
> Task :app:mergeLibDexDebug UP-TO-DATE
> Task :app:configureCMakeDebug[arm64-v8a]
> Task :app:buildCMakeDebug[arm64-v8a]
> Task :app:configureCMakeDebug[armeabi-v7a]
> Task :app:buildCMakeDebug[armeabi-v7a]
> Task :app:configureCMakeDebug[x86]
> Task :app:buildCMakeDebug[x86]
> Task :app:configureCMakeDebug[x86_64]
> Task :app:buildCMakeDebug[x86_64]
> Task :app:mergeDebugJniLibFolders UP-TO-DATE
> Task :app:mergeDebugNativeLibs UP-TO-DATE
> Task :app:stripDebugDebugSymbols UP-TO-DATE
> Task :app:validateSigningDebug UP-TO-DATE
> Task :app:writeDebugAppMetadata UP-TO-DATE
> Task :app:writeDebugSigningConfigVersions UP-TO-DATE

> Task :app:compileDebugKotlin FAILED
e: file:///Users/danielmiller/Documents/Code%20Projects/ancient-halley/app/src/main/java/com/groovebox/MainActivity.kt:4515:15 Expecting a top level declaration
e: file:///Users/danielmiller/Documents/Code%20Projects/ancient-halley/app/src/main/java/com/groovebox/MainActivity.kt:4515:20 Expecting a top level declaration
e: file:///Users/danielmiller/Documents/Code%20Projects/ancient-halley/app/src/main/java/com/groovebox/MainActivity.kt:4518:9 Expecting a top level declaration
e: file:///Users/danielmiller/Documents/Code%20Projects/ancient-halley/app/src/main/java/com/groovebox/MainActivity.kt:4519:5 Expecting a top level declaration
e: file:///Users/danielmiller/Documents/Code%20Projects/ancient-halley/app/src/main/java/com/groovebox/MainActivity.kt:4520:1 Expecting a top level declaration
e: file:///Users/danielmiller/Documents/Code%20Projects/ancient-halley/app/src/main/java/com/groovebox/MainActivity.kt:4499:9 An argument is already passed for this parameter
e: file:///Users/danielmiller/Documents/Code%20Projects/ancient-halley/app/src/main/java/com/groovebox/MainActivity.kt:4504:82 Unresolved reference: newValue
e: file:///Users/danielmiller/Documents/Code%20Projects/ancient-halley/app/src/main/java/com/groovebox/MainActivity.kt:4509:101 None of the following functions can be called with the arguments supplied: 
public operator fun <K, V> Map<out TypeVariable(K), TypeVariable(V)>.plus(pairs: Array<out Pair<TypeVariable(K), TypeVariable(V)>>): Map<TypeVariable(K), TypeVariable(V)> defined in kotlin.collections
public operator fun <K, V> Map<out TypeVariable(K), TypeVariable(V)>.plus(pair: Pair<TypeVariable(K), TypeVariable(V)>): Map<TypeVariable(K), TypeVariable(V)> defined in kotlin.collections
public operator fun <K, V> Map<out TypeVariable(K), TypeVariable(V)>.plus(pairs: Iterable<Pair<TypeVariable(K), TypeVariable(V)>>): Map<TypeVariable(K), TypeVariable(V)> defined in kotlin.collections
public operator fun <K, V> Map<out TypeVariable(K), TypeVariable(V)>.plus(map: Map<out TypeVariable(K), TypeVariable(V)>): Map<TypeVariable(K), TypeVariable(V)> defined in kotlin.collections
public operator fun <K, V> Map<out TypeVariable(K), TypeVariable(V)>.plus(pairs: Sequence<Pair<TypeVariable(K), TypeVariable(V)>>): Map<TypeVariable(K), TypeVariable(V)> defined in kotlin.collections
e: file:///Users/danielmiller/Documents/Code%20Projects/ancient-halley/app/src/main/java/com/groovebox/MainActivity.kt:4509:119 Unresolved reference: newValue
e: file:///Users/danielmiller/Documents/Code%20Projects/ancient-halley/app/src/main/java/com/groovebox/MainActivity.kt:4514:104 None of the following functions can be called with the arguments supplied: 
public operator fun <K, V> Map<out TypeVariable(K), TypeVariable(V)>.plus(pairs: Array<out Pair<TypeVariable(K), TypeVariable(V)>>): Map<TypeVariable(K), TypeVariable(V)> defined in kotlin.collections
public operator fun <K, V> Map<out TypeVariable(K), TypeVariable(V)>.plus(pair: Pair<TypeVariable(K), TypeVariable(V)>): Map<TypeVariable(K), TypeVariable(V)> defined in kotlin.collections
public operator fun <K, V> Map<out TypeVariable(K), TypeVariable(V)>.plus(pairs: Iterable<Pair<TypeVariable(K), TypeVariable(V)>>): Map<TypeVariable(K), TypeVariable(V)> defined in kotlin.collections
public operator fun <K, V> Map<out TypeVariable(K), TypeVariable(V)>.plus(map: Map<out TypeVariable(K), TypeVariable(V)>): Map<TypeVariable(K), TypeVariable(V)> defined in kotlin.collections
public operator fun <K, V> Map<out TypeVariable(K), TypeVariable(V)>.plus(pairs: Sequence<Pair<TypeVariable(K), TypeVariable(V)>>): Map<TypeVariable(K), TypeVariable(V)> defined in kotlin.collections
e: file:///Users/danielmiller/Documents/Code%20Projects/ancient-halley/app/src/main/java/com/groovebox/MainActivity.kt:4514:122 Unresolved reference: newValue
e: file:///Users/danielmiller/Documents/Code%20Projects/ancient-halley/app/src/main/java/com/groovebox/MainActivity.kt:4514:193 Unresolved reference: newValue
e: file:///Users/danielmiller/Documents/Code%20Projects/ancient-halley/app/src/main/java/com/groovebox/MainActivity.kt:4515:20 Function declaration must have a name
e: file:///Users/danielmiller/Documents/Code%20Projects/ancient-halley/app/src/main/java/com/groovebox/MainActivity.kt:4516:17 Unresolved reference: onStateChange
e: file:///Users/danielmiller/Documents/Code%20Projects/ancient-halley/app/src/main/java/com/groovebox/MainActivity.kt:4516:31 Unresolved reference: state
e: file:///Users/danielmiller/Documents/Code%20Projects/ancient-halley/app/src/main/java/com/groovebox/MainActivity.kt:4516:61 Unresolved reference: state
e: file:///Users/danielmiller/Documents/Code%20Projects/ancient-halley/app/src/main/java/com/groovebox/MainActivity.kt:4516:87 Unresolved reference: parameterId
e: file:///Users/danielmiller/Documents/Code%20Projects/ancient-halley/app/src/main/java/com/groovebox/MainActivity.kt:4516:102 Unresolved reference: newValue
e: file:///Users/danielmiller/Documents/Code%20Projects/ancient-halley/app/src/main/java/com/groovebox/MainActivity.kt:4516:154 Unresolved reference: label
e: file:///Users/danielmiller/Documents/Code%20Projects/ancient-halley/app/src/main/java/com/groovebox/MainActivity.kt:4516:173 Unresolved reference: newValue

[Incubating] Problems report is available at: file:///Users/danielmiller/Documents/Code%20Projects/ancient-halley/build/reports/problems/problems-report.html

FAILURE: Build failed with an exception.

* What went wrong:
Execution failed for task ':app:compileDebugKotlin'.
> A failure occurred while executing org.jetbrains.kotlin.compilerRunner.GradleCompilerRunnerWithWorkers$GradleKotlinCompilerWorkAction
   > Compilation error. See log for more details

* Try:
> Run with --stacktrace option to get the stack trace.
> Run with --info or --debug option to get more log output.
> Run with --scan to get full insights.
> Get more help at https://help.gradle.org.

Deprecated Gradle features were used in this build, making it incompatible with Gradle 9.0.

You can use '--warning-mode all' to show the individual deprecation warnings and determine if they come from your own scripts or plugins.

For more on this, please refer to https://docs.gradle.org/8.13/userguide/command_line_interface.html#sec:command_line_warnings in the Gradle documentation.

BUILD FAILED in 8s
38 actionable tasks: 9 executed, 29 up-to-date
