> Task :app:preBuild UP-TO-DATE
> Task :app:preDebugBuild UP-TO-DATE
> Task :app:mergeDebugNativeDebugMetadata NO-SOURCE
> Task :app:checkDebugAarMetadata UP-TO-DATE
> Task :app:processDebugNavigationResources UP-TO-DATE
> Task :app:compileDebugNavigationResources UP-TO-DATE
> Task :app:generateDebugResValues UP-TO-DATE
> Task :app:mapDebugSourceSetPaths UP-TO-DATE
> Task :app:generateDebugResources UP-TO-DATE
> Task :app:mergeDebugResources UP-TO-DATE
> Task :app:packageDebugResources UP-TO-DATE
> Task :app:parseDebugLocalResources UP-TO-DATE
> Task :app:createDebugCompatibleScreenManifests UP-TO-DATE
> Task :app:extractDeepLinksDebug UP-TO-DATE
> Task :app:processDebugMainManifest
> Task :app:processDebugManifest
> Task :app:javaPreCompileDebug UP-TO-DATE
> Task :app:processDebugManifestForPackage
> Task :app:mergeDebugShaders UP-TO-DATE
> Task :app:compileDebugShaders NO-SOURCE
> Task :app:generateDebugAssets UP-TO-DATE
> Task :app:mergeDebugAssets UP-TO-DATE
> Task :app:compressDebugAssets UP-TO-DATE
> Task :app:checkDebugDuplicateClasses UP-TO-DATE
> Task :app:desugarDebugFileDependencies UP-TO-DATE
> Task :app:mergeExtDexDebug UP-TO-DATE
> Task :app:mergeLibDexDebug UP-TO-DATE
> Task :app:configureCMakeDebug[arm64-v8a]
> Task :app:processDebugResources

> Task :app:buildCMakeDebug[arm64-v8a]
C/C++: ninja: Entering directory `/Users/danielmiller/Documents/Code Projects/ancient-halley/app/.cxx/Debug/b514eo4k/arm64-v8a'
C/C++: /Users/danielmiller/Documents/Code Projects/ancient-halley/app/src/main/cpp/AudioEngine.cpp:485:13: warning: enumeration value 'GLOBAL_PARAM_SET' not handled in switch [-Wswitch]
C/C++:   485 |     switch (cmd.type) {
C/C++:       |             ^~~~~~~~
C/C++: 1 warning generated.
C/C++: : && /Users/danielmiller/Library/Android/sdk/ndk/27.0.12077973/toolchains/llvm/prebuilt/darwin-x86_64/bin/clang++ --target=aarch64-none-linux-android26 --sysroot=/Users/danielmiller/Library/Android/sdk/ndk/27.0.12077973/toolchains/llvm/prebuilt/darwin-x86_64/sysroot -fPIC -g -DANDROID -fdata-sections -ffunction-sections -funwind-tables -fstack-protector-strong -no-canonical-prefixes -D_FORTIFY_SOURCE=2 -Wformat -Werror=format-security  -std=c++17 -fno-limit-debug-info  -Wl,--build-id=sha1 -Wl,--no-rosegment -Wl,--no-undefined-version -Wl,--fatal-warnings -Wl,--no-undefined -Qunused-arguments -shared -Wl,-soname,libnative-lib.so -o "/Users/danielmiller/Documents/Code Projects/ancient-halley/app/build/intermediates/cxx/Debug/b514eo4k/obj/arm64-v8a/libnative-lib.so" CMakeFiles/native-lib.dir/native-lib.cpp.o CMakeFiles/native-lib.dir/AudioEngine.cpp.o  /Users/danielmiller/Library/Android/sdk/ndk/27.0.12077973/toolchains/llvm/prebuilt/darwin-x86_64/sysroot/usr/lib/aarch64-linux-android/26/liblog.so  /Users/danielmiller/Library/Android/sdk/ndk/27.0.12077973/toolchains/llvm/prebuilt/darwin-x86_64/sysroot/usr/lib/aarch64-linux-android/26/libandroid.so  /Users/danielmiller/.gradle/caches/8.13/transforms/a0de23ce9aa0dadb88065bbd5f98db59/transformed/oboe-1.9.0/prefab/modules/oboe/libs/android.arm64-v8a/liboboe.so  -latomic -lm && :
C/C++: ld.lld: error: undefined symbol: AudioEngine::setTrackVolume(int, float)
C/C++: >>> referenced by native-lib.cpp:58 (/Users/danielmiller/Documents/Code Projects/ancient-halley/app/src/main/cpp/native-lib.cpp:58)
C/C++: >>>               CMakeFiles/native-lib.dir/native-lib.cpp.o:(Java_com_groovebox_NativeLib_setTrackVolume)
C/C++: ld.lld: error: undefined symbol: AudioEngine::getSequencerSteps(int)
C/C++: >>> referenced by native-lib.cpp:271 (/Users/danielmiller/Documents/Code Projects/ancient-halley/app/src/main/cpp/native-lib.cpp:271)
C/C++: >>>               CMakeFiles/native-lib.dir/native-lib.cpp.o:(Java_com_groovebox_NativeLib_getStepActive)
C/C++: ld.lld: error: undefined symbol: AudioEngine::getCpuLoad()
C/C++: >>> referenced by native-lib.cpp:282 (/Users/danielmiller/Documents/Code Projects/ancient-halley/app/src/main/cpp/native-lib.cpp:282)
C/C++: >>>               CMakeFiles/native-lib.dir/native-lib.cpp.o:(Java_com_groovebox_NativeLib_getCpuLoad)
C/C++: ld.lld: error: undefined symbol: AudioEngine::fetchMidiEvents(int*, int)
C/C++: >>> referenced by native-lib.cpp:315 (/Users/danielmiller/Documents/Code Projects/ancient-halley/app/src/main/cpp/native-lib.cpp:315)
C/C++: >>>               CMakeFiles/native-lib.dir/native-lib.cpp.o:(Java_com_groovebox_NativeLib_fetchMidiEvents)
C/C++: ld.lld: error: undefined symbol: AudioEngine::enqueueMidiEvent(int, int, int, int)
C/C++: >>> referenced by AudioEngine.cpp:85 (/Users/danielmiller/Documents/Code Projects/ancient-halley/app/src/main/cpp/AudioEngine.cpp:85)
C/C++: >>>               CMakeFiles/native-lib.dir/AudioEngine.cpp.o:(AudioEngine::triggerNoteLocked(int, int, int))
C/C++: >>> referenced by AudioEngine.cpp:497 (/Users/danielmiller/Documents/Code Projects/ancient-halley/app/src/main/cpp/AudioEngine.cpp:497)
C/C++: >>>               CMakeFiles/native-lib.dir/AudioEngine.cpp.o:(AudioEngine::processCommands())
C/C++: ld.lld: error: undefined symbol: AudioEngine::onErrorAfterClose(oboe::AudioStream*, oboe::Result)
C/C++: >>> referenced by AudioEngine.cpp
C/C++: >>>               CMakeFiles/native-lib.dir/AudioEngine.cpp.o:(vtable for AudioEngine)
C/C++: ld.lld: error: undefined symbol: non-virtual thunk to AudioEngine::onErrorAfterClose(oboe::AudioStream*, oboe::Result)
C/C++: >>> referenced by AudioEngine.cpp
C/C++: >>>               CMakeFiles/native-lib.dir/AudioEngine.cpp.o:(vtable for AudioEngine)
C/C++: clang++: error: linker command failed with exit code 1 (use -v to see invocation)
C/C++: ninja: build stopped: subcommand failed.

> Task :app:buildCMakeDebug[arm64-v8a] FAILED

[Incubating] Problems report is available at: file:///Users/danielmiller/Documents/Code%20Projects/ancient-halley/build/reports/problems/problems-report.html

FAILURE: Build failed with an exception.

* What went wrong:
Execution failed for task ':app:buildCMakeDebug[arm64-v8a]'.
> com.android.ide.common.process.ProcessException: ninja: Entering directory `/Users/danielmiller/Documents/Code Projects/ancient-halley/app/.cxx/Debug/b514eo4k/arm64-v8a'
  [1/3] Building CXX object CMakeFiles/native-lib.dir/native-lib.cpp.o
  [2/3] Building CXX object CMakeFiles/native-lib.dir/AudioEngine.cpp.o
  /Users/danielmiller/Documents/Code Projects/ancient-halley/app/src/main/cpp/AudioEngine.cpp:485:13: warning: enumeration value 'GLOBAL_PARAM_SET' not handled in switch [-Wswitch]
    485 |     switch (cmd.type) {
        |             ^~~~~~~~
  1 warning generated.
  [3/3] Linking CXX shared library "/Users/danielmiller/Documents/Code Projects/ancient-halley/app/build/intermediates/cxx/Debug/b514eo4k/obj/arm64-v8a/libnative-lib.so"
  FAILED: /Users/danielmiller/Documents/Code Projects/ancient-halley/app/build/intermediates/cxx/Debug/b514eo4k/obj/arm64-v8a/libnative-lib.so 
  : && /Users/danielmiller/Library/Android/sdk/ndk/27.0.12077973/toolchains/llvm/prebuilt/darwin-x86_64/bin/clang++ --target=aarch64-none-linux-android26 --sysroot=/Users/danielmiller/Library/Android/sdk/ndk/27.0.12077973/toolchains/llvm/prebuilt/darwin-x86_64/sysroot -fPIC -g -DANDROID -fdata-sections -ffunction-sections -funwind-tables -fstack-protector-strong -no-canonical-prefixes -D_FORTIFY_SOURCE=2 -Wformat -Werror=format-security  -std=c++17 -fno-limit-debug-info  -Wl,--build-id=sha1 -Wl,--no-rosegment -Wl,--no-undefined-version -Wl,--fatal-warnings -Wl,--no-undefined -Qunused-arguments -shared -Wl,-soname,libnative-lib.so -o "/Users/danielmiller/Documents/Code Projects/ancient-halley/app/build/intermediates/cxx/Debug/b514eo4k/obj/arm64-v8a/libnative-lib.so" CMakeFiles/native-lib.dir/native-lib.cpp.o CMakeFiles/native-lib.dir/AudioEngine.cpp.o  /Users/danielmiller/Library/Android/sdk/ndk/27.0.12077973/toolchains/llvm/prebuilt/darwin-x86_64/sysroot/usr/lib/aarch64-linux-android/26/liblog.so  /Users/danielmiller/Library/Android/sdk/ndk/27.0.12077973/toolchains/llvm/prebuilt/darwin-x86_64/sysroot/usr/lib/aarch64-linux-android/26/libandroid.so  /Users/danielmiller/.gradle/caches/8.13/transforms/a0de23ce9aa0dadb88065bbd5f98db59/transformed/oboe-1.9.0/prefab/modules/oboe/libs/android.arm64-v8a/liboboe.so  -latomic -lm && :
  ld.lld: error: undefined symbol: AudioEngine::setTrackVolume(int, float)
  >>> referenced by native-lib.cpp:58 (/Users/danielmiller/Documents/Code Projects/ancient-halley/app/src/main/cpp/native-lib.cpp:58)
  >>>               CMakeFiles/native-lib.dir/native-lib.cpp.o:(Java_com_groovebox_NativeLib_setTrackVolume)
  
  ld.lld: error: undefined symbol: AudioEngine::getSequencerSteps(int)
  >>> referenced by native-lib.cpp:271 (/Users/danielmiller/Documents/Code Projects/ancient-halley/app/src/main/cpp/native-lib.cpp:271)
  >>>               CMakeFiles/native-lib.dir/native-lib.cpp.o:(Java_com_groovebox_NativeLib_getStepActive)
  
  ld.lld: error: undefined symbol: AudioEngine::getCpuLoad()
  >>> referenced by native-lib.cpp:282 (/Users/danielmiller/Documents/Code Projects/ancient-halley/app/src/main/cpp/native-lib.cpp:282)
  >>>               CMakeFiles/native-lib.dir/native-lib.cpp.o:(Java_com_groovebox_NativeLib_getCpuLoad)
  
  ld.lld: error: undefined symbol: AudioEngine::fetchMidiEvents(int*, int)
  >>> referenced by native-lib.cpp:315 (/Users/danielmiller/Documents/Code Projects/ancient-halley/app/src/main/cpp/native-lib.cpp:315)
  >>>               CMakeFiles/native-lib.dir/native-lib.cpp.o:(Java_com_groovebox_NativeLib_fetchMidiEvents)
  
  ld.lld: error: undefined symbol: AudioEngine::enqueueMidiEvent(int, int, int, int)
  >>> referenced by AudioEngine.cpp:85 (/Users/danielmiller/Documents/Code Projects/ancient-halley/app/src/main/cpp/AudioEngine.cpp:85)
  >>>               CMakeFiles/native-lib.dir/AudioEngine.cpp.o:(AudioEngine::triggerNoteLocked(int, int, int))
  >>> referenced by AudioEngine.cpp:497 (/Users/danielmiller/Documents/Code Projects/ancient-halley/app/src/main/cpp/AudioEngine.cpp:497)
  >>>               CMakeFiles/native-lib.dir/AudioEngine.cpp.o:(AudioEngine::processCommands())
  
  ld.lld: error: undefined symbol: AudioEngine::onErrorAfterClose(oboe::AudioStream*, oboe::Result)
  >>> referenced by AudioEngine.cpp
  >>>               CMakeFiles/native-lib.dir/AudioEngine.cpp.o:(vtable for AudioEngine)
  
  ld.lld: error: undefined symbol: non-virtual thunk to AudioEngine::onErrorAfterClose(oboe::AudioStream*, oboe::Result)
  >>> referenced by AudioEngine.cpp
  >>>               CMakeFiles/native-lib.dir/AudioEngine.cpp.o:(vtable for AudioEngine)
  clang++: error: linker command failed with exit code 1 (use -v to see invocation)
  ninja: build stopped: subcommand failed.
  
  C++ build system [build] failed while executing:
      /Users/danielmiller/Library/Android/sdk/cmake/3.22.1/bin/ninja \
        -C \
        "/Users/danielmiller/Documents/Code Projects/ancient-halley/app/.cxx/Debug/b514eo4k/arm64-v8a" \
        native-lib
    from /Users/danielmiller/Documents/Code Projects/ancient-halley/app

* Try:
> Run with --stacktrace option to get the stack trace.
> Run with --info or --debug option to get more log output.
> Run with --scan to get full insights.
> Get more help at https://help.gradle.org.

Deprecated Gradle features were used in this build, making it incompatible with Gradle 9.0.

You can use '--warning-mode all' to show the individual deprecation warnings and determine if they come from your own scripts or plugins.

For more on this, please refer to https://docs.gradle.org/8.13/userguide/command_line_interface.html#sec:command_line_warnings in the Gradle documentation.

BUILD FAILED in 8s
25 actionable tasks: 6 executed, 19 up-to-date
