Starting a Gradle Daemon, 1 incompatible and 3 stopped Daemons could not be reused, use --status for details
> Task :app:preBuild UP-TO-DATE
> Task :app:preDebugBuild UP-TO-DATE
> Task :app:checkDebugAarMetadata UP-TO-DATE
> Task :app:processDebugNavigationResources UP-TO-DATE
> Task :app:compileDebugNavigationResources UP-TO-DATE
> Task :app:generateDebugResValues UP-TO-DATE
> Task :app:mapDebugSourceSetPaths UP-TO-DATE
> Task :app:generateDebugResources UP-TO-DATE
> Task :app:mergeDebugResources UP-TO-DATE
> Task :app:packageDebugResources UP-TO-DATE
> Task :app:parseDebugLocalResources UP-TO-DATE
> Task :app:createDebugCompatibleScreenManifests UP-TO-DATE
> Task :app:extractDeepLinksDebug UP-TO-DATE
> Task :app:processDebugMainManifest UP-TO-DATE
> Task :app:processDebugManifest UP-TO-DATE
> Task :app:processDebugManifestForPackage UP-TO-DATE
> Task :app:processDebugResources UP-TO-DATE

> Task :app:compileDebugKotlin FAILED
e: file:///Users/danielmiller/Documents/Code%20Projects/ancient-halley/app/src/main/java/com/groovebox/MainActivity.kt:4780:26 Expecting ')'
e: file:///Users/danielmiller/Documents/Code%20Projects/ancient-halley/app/src/main/java/com/groovebox/MainActivity.kt:4781:22 Unexpected tokens (use ';' to separate expressions on the same line)
e: file:///Users/danielmiller/Documents/Code%20Projects/ancient-halley/app/src/main/java/com/groovebox/MainActivity.kt:4783:17 Expecting an element
e: file:///Users/danielmiller/Documents/Code%20Projects/ancient-halley/app/src/main/java/com/groovebox/MainActivity.kt:4804:1 Expecting a top level declaration
e: file:///Users/danielmiller/Documents/Code%20Projects/ancient-halley/app/src/main/java/com/groovebox/MainActivity.kt:4782:21 Unresolved reference: contentAlignment
e: file:///Users/danielmiller/Documents/Code%20Projects/ancient-halley/app/src/main/java/com/groovebox/MainActivity.kt:4801:9 @Composable invocations can only happen from the context of a @Composable function
e: file:///Users/danielmiller/Documents/Code%20Projects/ancient-halley/app/src/main/java/com/groovebox/MainActivity.kt:4801:43 @Composable invocations can only happen from the context of a @Composable function

[Incubating] Problems report is available at: file:///Users/danielmiller/Documents/Code%20Projects/ancient-halley/build/reports/problems/problems-report.html

FAILURE: Build failed with an exception.

* What went wrong:
Execution failed for task ':app:compileDebugKotlin'.
> A failure occurred while executing org.jetbrains.kotlin.compilerRunner.GradleCompilerRunnerWithWorkers$GradleKotlinCompilerWorkAction
   > Compilation error. See log for more details

* Try:
> Run with --stacktrace option to get the stack trace.
> Run with --info or --debug option to get more log output.
> Run with --scan to get full insights.
> Get more help at https://help.gradle.org.

Deprecated Gradle features were used in this build, making it incompatible with Gradle 9.0.

You can use '--warning-mode all' to show the individual deprecation warnings and determine if they come from your own scripts or plugins.

For more on this, please refer to https://docs.gradle.org/8.13/userguide/command_line_interface.html#sec:command_line_warnings in the Gradle documentation.

BUILD FAILED in 29s
16 actionable tasks: 1 executed, 15 up-to-date
