> Task :app:preBuild UP-TO-DATE
> Task :app:preDebugBuild UP-TO-DATE
> Task :app:mergeDebugNativeDebugMetadata NO-SOURCE
> Task :app:checkDebugAarMetadata UP-TO-DATE
> Task :app:processDebugNavigationResources UP-TO-DATE
> Task :app:compileDebugNavigationResources UP-TO-DATE
> Task :app:generateDebugResValues UP-TO-DATE
> Task :app:mapDebugSourceSetPaths UP-TO-DATE
> Task :app:generateDebugResources UP-TO-DATE
> Task :app:mergeDebugResources UP-TO-DATE
> Task :app:packageDebugResources UP-TO-DATE
> Task :app:parseDebugLocalResources UP-TO-DATE
> Task :app:createDebugCompatibleScreenManifests UP-TO-DATE
> Task :app:extractDeepLinksDebug UP-TO-DATE
> Task :app:processDebugMainManifest UP-TO-DATE
> Task :app:processDebugManifest UP-TO-DATE
> Task :app:processDebugManifestForPackage UP-TO-DATE
> Task :app:processDebugResources UP-TO-DATE
> Task :app:javaPreCompileDebug UP-TO-DATE
> Task :app:mergeDebugShaders UP-TO-DATE
> Task :app:compileDebugShaders NO-SOURCE
> Task :app:generateDebugAssets UP-TO-DATE
> Task :app:mergeDebugAssets UP-TO-DATE
> Task :app:compressDebugAssets UP-TO-DATE
> Task :app:checkDebugDuplicateClasses UP-TO-DATE
> Task :app:desugarDebugFileDependencies UP-TO-DATE
> Task :app:mergeExtDexDebug UP-TO-DATE
> Task :app:mergeLibDexDebug UP-TO-DATE
> Task :app:configureCMakeDebug[arm64-v8a]

> Task :app:buildCMakeDebug[arm64-v8a] FAILED
C/C++: ninja: Entering directory `/Users/danielmiller/Documents/Code Projects/ancient-halley/app/.cxx/Debug/c57145c4/arm64-v8a'
C/C++: /Users/danielmiller/Library/Android/sdk/ndk/27.0.12077973/toolchains/llvm/prebuilt/darwin-x86_64/bin/clang++ --target=aarch64-none-linux-android26 --sysroot=/Users/danielmiller/Library/Android/sdk/ndk/27.0.12077973/toolchains/llvm/prebuilt/darwin-x86_64/sysroot -Dnative_lib_EXPORTS -isystem /Users/danielmiller/.gradle/caches/8.13/transforms/a0de23ce9aa0dadb88065bbd5f98db59/transformed/oboe-1.9.0/prefab/modules/oboe/include -g -DANDROID -fdata-sections -ffunction-sections -funwind-tables -fstack-protector-strong -no-canonical-prefixes -D_FORTIFY_SOURCE=2 -Wformat -Werror=format-security  -std=c++17 -O3 -ffast-math -fno-limit-debug-info  -fPIC -MD -MT CMakeFiles/native-lib.dir/native-lib.cpp.o -MF CMakeFiles/native-lib.dir/native-lib.cpp.o.d -o CMakeFiles/native-lib.dir/native-lib.cpp.o -c '/Users/danielmiller/Documents/Code Projects/ancient-halley/app/src/main/cpp/native-lib.cpp'
C/C++: In file included from /Users/danielmiller/Documents/Code Projects/ancient-halley/app/src/main/cpp/native-lib.cpp:1:
C/C++: In file included from /Users/danielmiller/Documents/Code Projects/ancient-halley/app/src/main/cpp/AudioEngine.h:17:
C/C++: /Users/danielmiller/Documents/Code Projects/ancient-halley/app/src/main/cpp/engines/GranularEngine.h:110:3: error: unknown type name 'mLFOS'
C/C++:   110 |   mLFOS.resize(3);
C/C++:       |   ^
C/C++: /Users/danielmiller/Documents/Code Projects/ancient-halley/app/src/main/cpp/engines/GranularEngine.h:110:8: error: expected member name or ';' after declaration specifiers
C/C++:   110 |   mLFOS.resize(3);
C/C++:       |   ~~~~~^
C/C++: /Users/danielmiller/Documents/Code Projects/ancient-halley/app/src/main/cpp/engines/GranularEngine.h:111:3: error: unknown type name 'mGrains'; did you mean 'Grain'?
C/C++:   111 |   mGrains.resize(100);
C/C++:       |   ^~~~~~~
C/C++:       |   Grain
C/C++: /Users/danielmiller/Documents/Code Projects/ancient-halley/app/src/main/cpp/engines/GranularEngine.h:11:10: note: 'Grain' declared here
C/C++:    11 |   struct Grain {
C/C++:       |          ^
C/C++: /Users/danielmiller/Documents/Code Projects/ancient-halley/app/src/main/cpp/engines/GranularEngine.h:111:10: error: expected member name or ';' after declaration specifiers
C/C++:   111 |   mGrains.resize(100);
C/C++:       |   ~~~~~~~^
C/C++: /Users/danielmiller/Documents/Code Projects/ancient-halley/app/src/main/cpp/engines/GranularEngine.h:112:3: error: expected member name or ';' after declaration specifiers
C/C++:   112 |   for (auto &g : mGrains) {
C/C++:       |   ^
C/C++: /Users/danielmiller/Documents/Code Projects/ancient-halley/app/src/main/cpp/engines/GranularEngine.h:118:3: error: a type specifier is required for all declarations
C/C++:   118 |   mGrainSize = 0.2; // 200ms
C/C++:       |   ^
C/C++: /Users/danielmiller/Documents/Code Projects/ancient-halley/app/src/main/cpp/engines/GranularEngine.h:119:2: error: expected ';' after class
C/C++:   119 | }
C/C++:       |  ^
C/C++:       |  ;
C/C++: /Users/danielmiller/Documents/Code Projects/ancient-halley/app/src/main/cpp/engines/GranularEngine.h:122:3: error: use of undeclared identifier 'mSource'; did you mean 'source'?
C/C++:   122 |   mSource = source;
C/C++:       |   ^~~~~~~
C/C++:       |   source
C/C++: /Users/danielmiller/Documents/Code Projects/ancient-halley/app/src/main/cpp/engines/GranularEngine.h:121:44: note: 'source' declared here
C/C++:   121 |   void setSource(const std::vector<float> &source) {
C/C++:       |                                            ^
C/C++: /Users/danielmiller/Documents/Code Projects/ancient-halley/app/src/main/cpp/engines/GranularEngine.h:122:11: error: no viable overloaded '='
C/C++:   122 |   mSource = source;
C/C++:       |   ~~~~~~~ ^ ~~~~~~
C/C++: /Users/danielmiller/Library/Android/sdk/ndk/27.0.12077973/toolchains/llvm/prebuilt/darwin-x86_64/sysroot/usr/include/c++/v1/vector:506:63: note: candidate function not viable: 'this' argument has type 'const std::vector<float>', but method is not marked const
C/C++:   506 |   _LIBCPP_CONSTEXPR_SINCE_CXX20 _LIBCPP_HIDE_FROM_ABI vector& operator=(const vector& __x);
C/C++:       |                                                               ^
C/C++: /Users/danielmiller/Library/Android/sdk/ndk/27.0.12077973/toolchains/llvm/prebuilt/darwin-x86_64/sysroot/usr/include/c++/v1/vector:514:63: note: candidate function not viable: 'this' argument has type 'const std::vector<float>', but method is not marked const
C/C++:   514 |   _LIBCPP_CONSTEXPR_SINCE_CXX20 _LIBCPP_HIDE_FROM_ABI vector& operator=(initializer_list<value_type> __il) {
C/C++:       |                                                               ^
C/C++: /Users/danielmiller/Library/Android/sdk/ndk/27.0.12077973/toolchains/llvm/prebuilt/darwin-x86_64/sysroot/usr/include/c++/v1/vector:529:63: note: candidate function not viable: 'this' argument has type 'const std::vector<float>', but method is not marked const
C/C++:   529 |   _LIBCPP_CONSTEXPR_SINCE_CXX20 _LIBCPP_HIDE_FROM_ABI vector& operator=(vector&& __x)
C/C++:       |                                                               ^
C/C++: In file included from /Users/danielmiller/Documents/Code Projects/ancient-halley/app/src/main/cpp/native-lib.cpp:1:
C/C++: In file included from /Users/danielmiller/Documents/Code Projects/ancient-halley/app/src/main/cpp/AudioEngine.h:17:
C/C++: /Users/danielmiller/Documents/Code Projects/ancient-halley/app/src/main/cpp/engines/GranularEngine.h:124:22: error: use of undeclared identifier 'mSource'
C/C++:   124 | void clearSource() { mSource.clear(); }
C/C++:       |                      ^
C/C++: /Users/danielmiller/Documents/Code Projects/ancient-halley/app/src/main/cpp/engines/GranularEngine.h:125:33: error: use of undeclared identifier 'mSource'
C/C++:   125 | void pushSample(float sample) { mSource.push_back(sample); }
C/C++:       |                                 ^
C/C++: /Users/danielmiller/Documents/Code Projects/ancient-halley/app/src/main/cpp/engines/GranularEngine.h:128:7: error: use of undeclared identifier 'mSource'
C/C++:   128 |   if (mSource.empty())
C/C++:       |       ^
C/C++: /Users/danielmiller/Documents/Code Projects/ancient-halley/app/src/main/cpp/engines/GranularEngine.h:131:18: error: use of undeclared identifier 'mSource'; did you mean 'setSource'?
C/C++:   131 |   for (float s : mSource) {
C/C++:       |                  ^~~~~~~
C/C++:       |                  setSource
C/C++: /Users/danielmiller/Documents/Code Projects/ancient-halley/app/src/main/cpp/engines/GranularEngine.h:121:8: note: 'setSource' declared here
C/C++:   121 |   void setSource(const std::vector<float> &source) {
C/C++:       |        ^
C/C++: /Users/danielmiller/Documents/Code Projects/ancient-halley/app/src/main/cpp/engines/GranularEngine.h:131:16: error: invalid range expression of type 'void (const std::vector<float> &)'; no viable 'begin' function available
C/C++:   131 |   for (float s : mSource) {
C/C++:       |                ^ ~~~~~~~
C/C++: /Users/danielmiller/Library/Android/sdk/ndk/27.0.12077973/toolchains/llvm/prebuilt/darwin-x86_64/sysroot/usr/include/c++/v1/initializer_list:86:71: note: candidate template ignored: could not match 'initializer_list<_Ep>' against 'void (*)(const std::vector<float> &)'
C/C++:    86 | inline _LIBCPP_HIDE_FROM_ABI _LIBCPP_CONSTEXPR_SINCE_CXX14 const _Ep* begin(initializer_list<_Ep> __il) _NOEXCEPT {
C/C++:       |                                                                       ^
C/C++: /Users/danielmiller/Library/Android/sdk/ndk/27.0.12077973/toolchains/llvm/prebuilt/darwin-x86_64/sysroot/usr/include/c++/v1/__iterator/access.h:23:46: note: candidate template ignored: could not match '_Tp[_Np]' against 'void (const std::vector<float> &)'
C/C++:    23 | _LIBCPP_HIDE_FROM_ABI _LIBCPP_CONSTEXPR _Tp* begin(_Tp (&__array)[_Np]) _NOEXCEPT {
C/C++:       |                                              ^
C/C++: /Users/danielmiller/Library/Android/sdk/ndk/27.0.12077973/toolchains/llvm/prebuilt/darwin-x86_64/sysroot/usr/include/c++/v1/__iterator/access.h:35:58: note: candidate template ignored: substitution failure [with _Cp = void (const std::vector<float> &)]: member reference base type 'void (const std::vector<float> &)' is not a structure or union
C/C++:    35 | _LIBCPP_HIDE_FROM_ABI _LIBCPP_CONSTEXPR_SINCE_CXX17 auto begin(_Cp& __c) -> decltype(__c.begin()) {
C/C++:       |                                                          ^                              ~
C/C++: /Users/danielmiller/Library/Android/sdk/ndk/27.0.12077973/toolchains/llvm/prebuilt/darwin-x86_64/sysroot/usr/include/c++/v1/__iterator/access.h:40:58: note: candidate template ignored: substitution failure [with _Cp = void (const std::vector<float> &)]: member reference base type 'void (const std::vector<float> &)' is not a structure or union
C/C++:    40 | _LIBCPP_HIDE_FROM_ABI _LIBCPP_CONSTEXPR_SINCE_CXX17 auto begin(const _Cp& __c) -> decltype(__c.begin()) {
C/C++:       |                                                          ^                                    ~
C/C++: In file included from /Users/danielmiller/Documents/Code Projects/ancient-halley/app/src/main/cpp/native-lib.cpp:1:
C/C++: In file included from /Users/danielmiller/Documents/Code Projects/ancient-halley/app/src/main/cpp/AudioEngine.h:17:
C/C++: /Users/danielmiller/Documents/Code Projects/ancient-halley/app/src/main/cpp/engines/GranularEngine.h:138:20: error: use of undeclared identifier 'mSource'; did you mean 'setSource'?
C/C++:   138 |     for (auto &s : mSource)
C/C++:       |                    ^~~~~~~
C/C++:       |                    setSource
C/C++: /Users/danielmiller/Documents/Code Projects/ancient-halley/app/src/main/cpp/engines/GranularEngine.h:121:8: note: 'setSource' declared here
C/C++:   121 |   void setSource(const std::vector<float> &source) {
C/C++:       |        ^
C/C++: /Users/danielmiller/Documents/Code Projects/ancient-halley/app/src/main/cpp/engines/GranularEngine.h:138:18: error: invalid range expression of type 'void (const std::vector<float> &)'; no viable 'begin' function available
C/C++:   138 |     for (auto &s : mSource)
C/C++:       |                  ^ ~~~~~~~
C/C++: /Users/danielmiller/Library/Android/sdk/ndk/27.0.12077973/toolchains/llvm/prebuilt/darwin-x86_64/sysroot/usr/include/c++/v1/initializer_list:86:71: note: candidate template ignored: could not match 'initializer_list<_Ep>' against 'void (*)(const std::vector<float> &)'
C/C++:    86 | inline _LIBCPP_HIDE_FROM_ABI _LIBCPP_CONSTEXPR_SINCE_CXX14 const _Ep* begin(initializer_list<_Ep> __il) _NOEXCEPT {
C/C++:       |                                                                       ^
C/C++: /Users/danielmiller/Library/Android/sdk/ndk/27.0.12077973/toolchains/llvm/prebuilt/darwin-x86_64/sysroot/usr/include/c++/v1/__iterator/access.h:23:46: note: candidate template ignored: could not match '_Tp[_Np]' against 'void (const std::vector<float> &)'
C/C++:    23 | _LIBCPP_HIDE_FROM_ABI _LIBCPP_CONSTEXPR _Tp* begin(_Tp (&__array)[_Np]) _NOEXCEPT {
C/C++:       |                                              ^
C/C++: /Users/danielmiller/Library/Android/sdk/ndk/27.0.12077973/toolchains/llvm/prebuilt/darwin-x86_64/sysroot/usr/include/c++/v1/__iterator/access.h:35:58: note: candidate template ignored: substitution failure [with _Cp = void (const std::vector<float> &)]: member reference base type 'void (const std::vector<float> &)' is not a structure or union
C/C++:    35 | _LIBCPP_HIDE_FROM_ABI _LIBCPP_CONSTEXPR_SINCE_CXX17 auto begin(_Cp& __c) -> decltype(__c.begin()) {
C/C++:       |                                                          ^                              ~
C/C++: /Users/danielmiller/Library/Android/sdk/ndk/27.0.12077973/toolchains/llvm/prebuilt/darwin-x86_64/sysroot/usr/include/c++/v1/__iterator/access.h:40:58: note: candidate template ignored: substitution failure [with _Cp = void (const std::vector<float> &)]: member reference base type 'void (const std::vector<float> &)' is not a structure or union
C/C++:    40 | _LIBCPP_HIDE_FROM_ABI _LIBCPP_CONSTEXPR_SINCE_CXX17 auto begin(const _Cp& __c) -> decltype(__c.begin()) {
C/C++:       |                                                          ^                                    ~
C/C++: In file included from /Users/danielmiller/Documents/Code Projects/ancient-halley/app/src/main/cpp/native-lib.cpp:1:
C/C++: In file included from /Users/danielmiller/Documents/Code Projects/ancient-halley/app/src/main/cpp/AudioEngine.h:17:
C/C++: /Users/danielmiller/Documents/Code Projects/ancient-halley/app/src/main/cpp/engines/GranularEngine.h:144:3: error: use of undeclared identifier 'mIsActive'
C/C++:   144 |   mIsActive = true;
C/C++:       |   ^
C/C++: /Users/danielmiller/Documents/Code Projects/ancient-halley/app/src/main/cpp/engines/GranularEngine.h:145:3: error: use of undeclared identifier 'mAmplitude'
C/C++:   145 |   mAmplitude = velocity / 127.0f;
C/C++:       |   ^
C/C++: /Users/danielmiller/Documents/Code Projects/ancient-halley/app/src/main/cpp/engines/GranularEngine.h:146:3: error: use of undeclared identifier 'mBasePitch'
C/C++:   146 |   mBasePitch = powf(2.0f, (note - 60) / 12.0f);
C/C++:       |   ^
C/C++: fatal error: too many errors emitted, stopping now [-ferror-limit=]
C/C++: 20 errors generated.
C/C++: /Users/danielmiller/Library/Android/sdk/ndk/27.0.12077973/toolchains/llvm/prebuilt/darwin-x86_64/bin/clang++ --target=aarch64-none-linux-android26 --sysroot=/Users/danielmiller/Library/Android/sdk/ndk/27.0.12077973/toolchains/llvm/prebuilt/darwin-x86_64/sysroot -Dnative_lib_EXPORTS -isystem /Users/danielmiller/.gradle/caches/8.13/transforms/a0de23ce9aa0dadb88065bbd5f98db59/transformed/oboe-1.9.0/prefab/modules/oboe/include -g -DANDROID -fdata-sections -ffunction-sections -funwind-tables -fstack-protector-strong -no-canonical-prefixes -D_FORTIFY_SOURCE=2 -Wformat -Werror=format-security  -std=c++17 -O3 -ffast-math -fno-limit-debug-info  -fPIC -MD -MT CMakeFiles/native-lib.dir/AudioEngine.cpp.o -MF CMakeFiles/native-lib.dir/AudioEngine.cpp.o.d -o CMakeFiles/native-lib.dir/AudioEngine.cpp.o -c '/Users/danielmiller/Documents/Code Projects/ancient-halley/app/src/main/cpp/AudioEngine.cpp'
C/C++: In file included from /Users/danielmiller/Documents/Code Projects/ancient-halley/app/src/main/cpp/AudioEngine.cpp:1:
C/C++: In file included from /Users/danielmiller/Documents/Code Projects/ancient-halley/app/src/main/cpp/AudioEngine.h:17:
C/C++: /Users/danielmiller/Documents/Code Projects/ancient-halley/app/src/main/cpp/engines/GranularEngine.h:110:3: error: unknown type name 'mLFOS'
C/C++:   110 |   mLFOS.resize(3);
C/C++:       |   ^
C/C++: /Users/danielmiller/Documents/Code Projects/ancient-halley/app/src/main/cpp/engines/GranularEngine.h:110:8: error: expected member name or ';' after declaration specifiers
C/C++:   110 |   mLFOS.resize(3);
C/C++:       |   ~~~~~^
C/C++: /Users/danielmiller/Documents/Code Projects/ancient-halley/app/src/main/cpp/engines/GranularEngine.h:111:3: error: unknown type name 'mGrains'; did you mean 'Grain'?
C/C++:   111 |   mGrains.resize(100);
C/C++:       |   ^~~~~~~
C/C++:       |   Grain
C/C++: /Users/danielmiller/Documents/Code Projects/ancient-halley/app/src/main/cpp/engines/GranularEngine.h:11:10: note: 'Grain' declared here
C/C++:    11 |   struct Grain {
C/C++:       |          ^
C/C++: /Users/danielmiller/Documents/Code Projects/ancient-halley/app/src/main/cpp/engines/GranularEngine.h:111:10: error: expected member name or ';' after declaration specifiers
C/C++:   111 |   mGrains.resize(100);
C/C++:       |   ~~~~~~~^
C/C++: /Users/danielmiller/Documents/Code Projects/ancient-halley/app/src/main/cpp/engines/GranularEngine.h:112:3: error: expected member name or ';' after declaration specifiers
C/C++:   112 |   for (auto &g : mGrains) {
C/C++:       |   ^
C/C++: /Users/danielmiller/Documents/Code Projects/ancient-halley/app/src/main/cpp/engines/GranularEngine.h:118:3: error: a type specifier is required for all declarations
C/C++:   118 |   mGrainSize = 0.2; // 200ms
C/C++:       |   ^
C/C++: /Users/danielmiller/Documents/Code Projects/ancient-halley/app/src/main/cpp/engines/GranularEngine.h:119:2: error: expected ';' after class
C/C++:   119 | }
C/C++:       |  ^
C/C++:       |  ;
C/C++: /Users/danielmiller/Documents/Code Projects/ancient-halley/app/src/main/cpp/engines/GranularEngine.h:122:3: error: use of undeclared identifier 'mSource'; did you mean 'source'?
C/C++:   122 |   mSource = source;
C/C++:       |   ^~~~~~~
C/C++:       |   source
C/C++: /Users/danielmiller/Documents/Code Projects/ancient-halley/app/src/main/cpp/engines/GranularEngine.h:121:44: note: 'source' declared here
C/C++:   121 |   void setSource(const std::vector<float> &source) {
C/C++:       |                                            ^
C/C++: /Users/danielmiller/Documents/Code Projects/ancient-halley/app/src/main/cpp/engines/GranularEngine.h:122:11: error: no viable overloaded '='
C/C++:   122 |   mSource = source;
C/C++:       |   ~~~~~~~ ^ ~~~~~~
C/C++: /Users/danielmiller/Library/Android/sdk/ndk/27.0.12077973/toolchains/llvm/prebuilt/darwin-x86_64/sysroot/usr/include/c++/v1/vector:506:63: note: candidate function not viable: 'this' argument has type 'const std::vector<float>', but method is not marked const
C/C++:   506 |   _LIBCPP_CONSTEXPR_SINCE_CXX20 _LIBCPP_HIDE_FROM_ABI vector& operator=(const vector& __x);
C/C++:       |                                                               ^
C/C++: /Users/danielmiller/Library/Android/sdk/ndk/27.0.12077973/toolchains/llvm/prebuilt/darwin-x86_64/sysroot/usr/include/c++/v1/vector:514:63: note: candidate function not viable: 'this' argument has type 'const std::vector<float>', but method is not marked const
C/C++:   514 |   _LIBCPP_CONSTEXPR_SINCE_CXX20 _LIBCPP_HIDE_FROM_ABI vector& operator=(initializer_list<value_type> __il) {
C/C++:       |                                                               ^
C/C++: /Users/danielmiller/Library/Android/sdk/ndk/27.0.12077973/toolchains/llvm/prebuilt/darwin-x86_64/sysroot/usr/include/c++/v1/vector:529:63: note: candidate function not viable: 'this' argument has type 'const std::vector<float>', but method is not marked const
C/C++:   529 |   _LIBCPP_CONSTEXPR_SINCE_CXX20 _LIBCPP_HIDE_FROM_ABI vector& operator=(vector&& __x)
C/C++:       |                                                               ^
C/C++: In file included from /Users/danielmiller/Documents/Code Projects/ancient-halley/app/src/main/cpp/AudioEngine.cpp:1:
C/C++: In file included from /Users/danielmiller/Documents/Code Projects/ancient-halley/app/src/main/cpp/AudioEngine.h:17:
C/C++: /Users/danielmiller/Documents/Code Projects/ancient-halley/app/src/main/cpp/engines/GranularEngine.h:124:22: error: use of undeclared identifier 'mSource'
C/C++:   124 | void clearSource() { mSource.clear(); }
C/C++:       |                      ^
C/C++: /Users/danielmiller/Documents/Code Projects/ancient-halley/app/src/main/cpp/engines/GranularEngine.h:125:33: error: use of undeclared identifier 'mSource'
C/C++:   125 | void pushSample(float sample) { mSource.push_back(sample); }
C/C++:       |                                 ^
C/C++: /Users/danielmiller/Documents/Code Projects/ancient-halley/app/src/main/cpp/engines/GranularEngine.h:128:7: error: use of undeclared identifier 'mSource'
C/C++:   128 |   if (mSource.empty())
C/C++:       |       ^
C/C++: /Users/danielmiller/Documents/Code Projects/ancient-halley/app/src/main/cpp/engines/GranularEngine.h:131:18: error: use of undeclared identifier 'mSource'; did you mean 'setSource'?
C/C++:   131 |   for (float s : mSource) {
C/C++:       |                  ^~~~~~~
C/C++:       |                  setSource
C/C++: /Users/danielmiller/Documents/Code Projects/ancient-halley/app/src/main/cpp/engines/GranularEngine.h:121:8: note: 'setSource' declared here
C/C++:   121 |   void setSource(const std::vector<float> &source) {
C/C++:       |        ^
C/C++: /Users/danielmiller/Documents/Code Projects/ancient-halley/app/src/main/cpp/engines/GranularEngine.h:131:16: error: invalid range expression of type 'void (const std::vector<float> &)'; no viable 'begin' function available
C/C++:   131 |   for (float s : mSource) {
C/C++:       |                ^ ~~~~~~~
C/C++: /Users/danielmiller/Library/Android/sdk/ndk/27.0.12077973/toolchains/llvm/prebuilt/darwin-x86_64/sysroot/usr/include/c++/v1/initializer_list:86:71: note: candidate template ignored: could not match 'initializer_list<_Ep>' against 'void (*)(const std::vector<float> &)'
C/C++:    86 | inline _LIBCPP_HIDE_FROM_ABI _LIBCPP_CONSTEXPR_SINCE_CXX14 const _Ep* begin(initializer_list<_Ep> __il) _NOEXCEPT {
C/C++:       |                                                                       ^
C/C++: /Users/danielmiller/Library/Android/sdk/ndk/27.0.12077973/toolchains/llvm/prebuilt/darwin-x86_64/sysroot/usr/include/c++/v1/__iterator/access.h:23:46: note: candidate template ignored: could not match '_Tp[_Np]' against 'void (const std::vector<float> &)'
C/C++:    23 | _LIBCPP_HIDE_FROM_ABI _LIBCPP_CONSTEXPR _Tp* begin(_Tp (&__array)[_Np]) _NOEXCEPT {
C/C++:       |                                              ^
C/C++: /Users/danielmiller/Library/Android/sdk/ndk/27.0.12077973/toolchains/llvm/prebuilt/darwin-x86_64/sysroot/usr/include/c++/v1/__iterator/access.h:35:58: note: candidate template ignored: substitution failure [with _Cp = void (const std::vector<float> &)]: member reference base type 'void (const std::vector<float> &)' is not a structure or union
C/C++:    35 | _LIBCPP_HIDE_FROM_ABI _LIBCPP_CONSTEXPR_SINCE_CXX17 auto begin(_Cp& __c) -> decltype(__c.begin()) {
C/C++:       |                                                          ^                              ~
C/C++: /Users/danielmiller/Library/Android/sdk/ndk/27.0.12077973/toolchains/llvm/prebuilt/darwin-x86_64/sysroot/usr/include/c++/v1/__iterator/access.h:40:58: note: candidate template ignored: substitution failure [with _Cp = void (const std::vector<float> &)]: member reference base type 'void (const std::vector<float> &)' is not a structure or union
C/C++:    40 | _LIBCPP_HIDE_FROM_ABI _LIBCPP_CONSTEXPR_SINCE_CXX17 auto begin(const _Cp& __c) -> decltype(__c.begin()) {
C/C++:       |                                                          ^                                    ~
C/C++: In file included from /Users/danielmiller/Documents/Code Projects/ancient-halley/app/src/main/cpp/AudioEngine.cpp:1:
C/C++: In file included from /Users/danielmiller/Documents/Code Projects/ancient-halley/app/src/main/cpp/AudioEngine.h:17:
C/C++: /Users/danielmiller/Documents/Code Projects/ancient-halley/app/src/main/cpp/engines/GranularEngine.h:138:20: error: use of undeclared identifier 'mSource'; did you mean 'setSource'?
C/C++:   138 |     for (auto &s : mSource)
C/C++:       |                    ^~~~~~~
C/C++:       |                    setSource
C/C++: /Users/danielmiller/Documents/Code Projects/ancient-halley/app/src/main/cpp/engines/GranularEngine.h:121:8: note: 'setSource' declared here
C/C++:   121 |   void setSource(const std::vector<float> &source) {
C/C++:       |        ^
C/C++: /Users/danielmiller/Documents/Code Projects/ancient-halley/app/src/main/cpp/engines/GranularEngine.h:138:18: error: invalid range expression of type 'void (const std::vector<float> &)'; no viable 'begin' function available
C/C++:   138 |     for (auto &s : mSource)
C/C++:       |                  ^ ~~~~~~~
C/C++: /Users/danielmiller/Library/Android/sdk/ndk/27.0.12077973/toolchains/llvm/prebuilt/darwin-x86_64/sysroot/usr/include/c++/v1/initializer_list:86:71: note: candidate template ignored: could not match 'initializer_list<_Ep>' against 'void (*)(const std::vector<float> &)'
C/C++:    86 | inline _LIBCPP_HIDE_FROM_ABI _LIBCPP_CONSTEXPR_SINCE_CXX14 const _Ep* begin(initializer_list<_Ep> __il) _NOEXCEPT {
C/C++:       |                                                                       ^
C/C++: /Users/danielmiller/Library/Android/sdk/ndk/27.0.12077973/toolchains/llvm/prebuilt/darwin-x86_64/sysroot/usr/include/c++/v1/__iterator/access.h:23:46: note: candidate template ignored: could not match '_Tp[_Np]' against 'void (const std::vector<float> &)'
C/C++:    23 | _LIBCPP_HIDE_FROM_ABI _LIBCPP_CONSTEXPR _Tp* begin(_Tp (&__array)[_Np]) _NOEXCEPT {
C/C++:       |                                              ^
C/C++: /Users/danielmiller/Library/Android/sdk/ndk/27.0.12077973/toolchains/llvm/prebuilt/darwin-x86_64/sysroot/usr/include/c++/v1/__iterator/access.h:35:58: note: candidate template ignored: substitution failure [with _Cp = void (const std::vector<float> &)]: member reference base type 'void (const std::vector<float> &)' is not a structure or union
C/C++:    35 | _LIBCPP_HIDE_FROM_ABI _LIBCPP_CONSTEXPR_SINCE_CXX17 auto begin(_Cp& __c) -> decltype(__c.begin()) {
C/C++:       |                                                          ^                              ~
C/C++: /Users/danielmiller/Library/Android/sdk/ndk/27.0.12077973/toolchains/llvm/prebuilt/darwin-x86_64/sysroot/usr/include/c++/v1/__iterator/access.h:40:58: note: candidate template ignored: substitution failure [with _Cp = void (const std::vector<float> &)]: member reference base type 'void (const std::vector<float> &)' is not a structure or union
C/C++:    40 | _LIBCPP_HIDE_FROM_ABI _LIBCPP_CONSTEXPR_SINCE_CXX17 auto begin(const _Cp& __c) -> decltype(__c.begin()) {
C/C++:       |                                                          ^                                    ~
C/C++: In file included from /Users/danielmiller/Documents/Code Projects/ancient-halley/app/src/main/cpp/AudioEngine.cpp:1:
C/C++: In file included from /Users/danielmiller/Documents/Code Projects/ancient-halley/app/src/main/cpp/AudioEngine.h:17:
C/C++: /Users/danielmiller/Documents/Code Projects/ancient-halley/app/src/main/cpp/engines/GranularEngine.h:144:3: error: use of undeclared identifier 'mIsActive'
C/C++:   144 |   mIsActive = true;
C/C++:       |   ^
C/C++: /Users/danielmiller/Documents/Code Projects/ancient-halley/app/src/main/cpp/engines/GranularEngine.h:145:3: error: use of undeclared identifier 'mAmplitude'
C/C++:   145 |   mAmplitude = velocity / 127.0f;
C/C++:       |   ^
C/C++: /Users/danielmiller/Documents/Code Projects/ancient-halley/app/src/main/cpp/engines/GranularEngine.h:146:3: error: use of undeclared identifier 'mBasePitch'
C/C++:   146 |   mBasePitch = powf(2.0f, (note - 60) / 12.0f);
C/C++:       |   ^
C/C++: fatal error: too many errors emitted, stopping now [-ferror-limit=]
C/C++: 20 errors generated.

> Task :app:compileDebugKotlin
e: file:///Users/danielmiller/Documents/Code%20Projects/ancient-halley/app/src/main/java/com/groovebox/MainActivity.kt:1435:9 Conflicting declarations: var isRecordingSample: Boolean, val isRecordingSample: Boolean
e: file:///Users/danielmiller/Documents/Code%20Projects/ancient-halley/app/src/main/java/com/groovebox/MainActivity.kt:1440:9 Conflicting declarations: var isRecordingSample: Boolean, val isRecordingSample: Boolean
e: file:///Users/danielmiller/Documents/Code%20Projects/ancient-halley/app/src/main/java/com/groovebox/MainActivity.kt:1440:35 Unresolved reference: isRecordingSample
e: file:///Users/danielmiller/Documents/Code%20Projects/ancient-halley/app/src/main/java/com/groovebox/MainActivity.kt:1440:62 Unresolved reference: recordingTrackIndex
e: file:///Users/danielmiller/Documents/Code%20Projects/ancient-halley/app/src/main/java/com/groovebox/MainActivity.kt:1446:15 Unresolved reference: isActive
e: file:///Users/danielmiller/Documents/Code%20Projects/ancient-halley/app/src/main/java/com/groovebox/MainActivity.kt:1451:17 Unresolved reference: granularPlayheads
e: file:///Users/danielmiller/Documents/Code%20Projects/ancient-halley/app/src/main/java/com/groovebox/MainActivity.kt:1465:33 Unresolved reference: isRecordingSample
e: file:///Users/danielmiller/Documents/Code%20Projects/ancient-halley/app/src/main/java/com/groovebox/MainActivity.kt:1465:60 Unresolved reference: recordingTrackIndex
e: file:///Users/danielmiller/Documents/Code%20Projects/ancient-halley/app/src/main/java/com/groovebox/MainActivity.kt:1468:103 Cannot find a parameter with this name: isRecordingSample
e: file:///Users/danielmiller/Documents/Code%20Projects/ancient-halley/app/src/main/java/com/groovebox/MainActivity.kt:1468:129 Cannot find a parameter with this name: recordingTrackIndex
e: file:///Users/danielmiller/Documents/Code%20Projects/ancient-halley/app/src/main/java/com/groovebox/MainActivity.kt:1471:42 Cannot find a parameter with this name: isRecordingSample
e: file:///Users/danielmiller/Documents/Code%20Projects/ancient-halley/app/src/main/java/com/groovebox/MainActivity.kt:1471:69 Cannot find a parameter with this name: recordingTrackIndex
e: file:///Users/danielmiller/Documents/Code%20Projects/ancient-halley/app/src/main/java/com/groovebox/MainActivity.kt:1478:33 Unresolved reference: granularPlayheads
e: file:///Users/danielmiller/Documents/Code%20Projects/ancient-halley/app/src/main/java/com/groovebox/MainActivity.kt:1500:21 Unresolved reference: ToggleButton

> Task :app:compileDebugKotlin FAILED

[Incubating] Problems report is available at: file:///Users/danielmiller/Documents/Code%20Projects/ancient-halley/build/reports/problems/problems-report.html

FAILURE: Build completed with 2 failures.

1: Task failed with an exception.
-----------
* What went wrong:
Execution failed for task ':app:buildCMakeDebug[arm64-v8a]'.
> com.android.ide.common.process.ProcessException: ninja: Entering directory `/Users/danielmiller/Documents/Code Projects/ancient-halley/app/.cxx/Debug/c57145c4/arm64-v8a'
  [1/3] Building CXX object CMakeFiles/native-lib.dir/native-lib.cpp.o
  FAILED: CMakeFiles/native-lib.dir/native-lib.cpp.o 
  /Users/danielmiller/Library/Android/sdk/ndk/27.0.12077973/toolchains/llvm/prebuilt/darwin-x86_64/bin/clang++ --target=aarch64-none-linux-android26 --sysroot=/Users/danielmiller/Library/Android/sdk/ndk/27.0.12077973/toolchains/llvm/prebuilt/darwin-x86_64/sysroot -Dnative_lib_EXPORTS -isystem /Users/danielmiller/.gradle/caches/8.13/transforms/a0de23ce9aa0dadb88065bbd5f98db59/transformed/oboe-1.9.0/prefab/modules/oboe/include -g -DANDROID -fdata-sections -ffunction-sections -funwind-tables -fstack-protector-strong -no-canonical-prefixes -D_FORTIFY_SOURCE=2 -Wformat -Werror=format-security  -std=c++17 -O3 -ffast-math -fno-limit-debug-info  -fPIC -MD -MT CMakeFiles/native-lib.dir/native-lib.cpp.o -MF CMakeFiles/native-lib.dir/native-lib.cpp.o.d -o CMakeFiles/native-lib.dir/native-lib.cpp.o -c '/Users/danielmiller/Documents/Code Projects/ancient-halley/app/src/main/cpp/native-lib.cpp'
  In file included from /Users/danielmiller/Documents/Code Projects/ancient-halley/app/src/main/cpp/native-lib.cpp:1:
  In file included from /Users/danielmiller/Documents/Code Projects/ancient-halley/app/src/main/cpp/AudioEngine.h:17:
  /Users/danielmiller/Documents/Code Projects/ancient-halley/app/src/main/cpp/engines/GranularEngine.h:110:3: error: unknown type name 'mLFOS'
    110 |   mLFOS.resize(3);
        |   ^
  /Users/danielmiller/Documents/Code Projects/ancient-halley/app/src/main/cpp/engines/GranularEngine.h:110:8: error: expected member name or ';' after declaration specifiers
    110 |   mLFOS.resize(3);
        |   ~~~~~^
  /Users/danielmiller/Documents/Code Projects/ancient-halley/app/src/main/cpp/engines/GranularEngine.h:111:3: error: unknown type name 'mGrains'; did you mean 'Grain'?
    111 |   mGrains.resize(100);
        |   ^~~~~~~
        |   Grain
  /Users/danielmiller/Documents/Code Projects/ancient-halley/app/src/main/cpp/engines/GranularEngine.h:11:10: note: 'Grain' declared here
     11 |   struct Grain {
        |          ^
  /Users/danielmiller/Documents/Code Projects/ancient-halley/app/src/main/cpp/engines/GranularEngine.h:111:10: error: expected member name or ';' after declaration specifiers
    111 |   mGrains.resize(100);
        |   ~~~~~~~^
  /Users/danielmiller/Documents/Code Projects/ancient-halley/app/src/main/cpp/engines/GranularEngine.h:112:3: error: expected member name or ';' after declaration specifiers
    112 |   for (auto &g : mGrains) {
        |   ^
  /Users/danielmiller/Documents/Code Projects/ancient-halley/app/src/main/cpp/engines/GranularEngine.h:118:3: error: a type specifier is required for all declarations
    118 |   mGrainSize = 0.2; // 200ms
        |   ^
  /Users/danielmiller/Documents/Code Projects/ancient-halley/app/src/main/cpp/engines/GranularEngine.h:119:2: error: expected ';' after class
    119 | }
        |  ^
        |  ;
  /Users/danielmiller/Documents/Code Projects/ancient-halley/app/src/main/cpp/engines/GranularEngine.h:122:3: error: use of undeclared identifier 'mSource'; did you mean 'source'?
    122 |   mSource = source;
        |   ^~~~~~~
        |   source
  /Users/danielmiller/Documents/Code Projects/ancient-halley/app/src/main/cpp/engines/GranularEngine.h:121:44: note: 'source' declared here
    121 |   void setSource(const std::vector<float> &source) {
        |                                            ^
  /Users/danielmiller/Documents/Code Projects/ancient-halley/app/src/main/cpp/engines/GranularEngine.h:122:11: error: no viable overloaded '='
    122 |   mSource = source;
        |   ~~~~~~~ ^ ~~~~~~
  /Users/danielmiller/Library/Android/sdk/ndk/27.0.12077973/toolchains/llvm/prebuilt/darwin-x86_64/sysroot/usr/include/c++/v1/vector:506:63: note: candidate function not viable: 'this' argument has type 'const std::vector<float>', but method is not marked const
    506 |   _LIBCPP_CONSTEXPR_SINCE_CXX20 _LIBCPP_HIDE_FROM_ABI vector& operator=(const vector& __x);
        |                                                               ^
  /Users/danielmiller/Library/Android/sdk/ndk/27.0.12077973/toolchains/llvm/prebuilt/darwin-x86_64/sysroot/usr/include/c++/v1/vector:514:63: note: candidate function not viable: 'this' argument has type 'const std::vector<float>', but method is not marked const
    514 |   _LIBCPP_CONSTEXPR_SINCE_CXX20 _LIBCPP_HIDE_FROM_ABI vector& operator=(initializer_list<value_type> __il) {
        |                                                               ^
  /Users/danielmiller/Library/Android/sdk/ndk/27.0.12077973/toolchains/llvm/prebuilt/darwin-x86_64/sysroot/usr/include/c++/v1/vector:529:63: note: candidate function not viable: 'this' argument has type 'const std::vector<float>', but method is not marked const
    529 |   _LIBCPP_CONSTEXPR_SINCE_CXX20 _LIBCPP_HIDE_FROM_ABI vector& operator=(vector&& __x)
        |                                                               ^
  In file included from /Users/danielmiller/Documents/Code Projects/ancient-halley/app/src/main/cpp/native-lib.cpp:1:
  In file included from /Users/danielmiller/Documents/Code Projects/ancient-halley/app/src/main/cpp/AudioEngine.h:17:
  /Users/danielmiller/Documents/Code Projects/ancient-halley/app/src/main/cpp/engines/GranularEngine.h:124:22: error: use of undeclared identifier 'mSource'
    124 | void clearSource() { mSource.clear(); }
        |                      ^
  /Users/danielmiller/Documents/Code Projects/ancient-halley/app/src/main/cpp/engines/GranularEngine.h:125:33: error: use of undeclared identifier 'mSource'
    125 | void pushSample(float sample) { mSource.push_back(sample); }
        |                                 ^
  /Users/danielmiller/Documents/Code Projects/ancient-halley/app/src/main/cpp/engines/GranularEngine.h:128:7: error: use of undeclared identifier 'mSource'
    128 |   if (mSource.empty())
        |       ^
  /Users/danielmiller/Documents/Code Projects/ancient-halley/app/src/main/cpp/engines/GranularEngine.h:131:18: error: use of undeclared identifier 'mSource'; did you mean 'setSource'?
    131 |   for (float s : mSource) {
        |                  ^~~~~~~
        |                  setSource
  /Users/danielmiller/Documents/Code Projects/ancient-halley/app/src/main/cpp/engines/GranularEngine.h:121:8: note: 'setSource' declared here
    121 |   void setSource(const std::vector<float> &source) {
        |        ^
  /Users/danielmiller/Documents/Code Projects/ancient-halley/app/src/main/cpp/engines/GranularEngine.h:131:16: error: invalid range expression of type 'void (const std::vector<float> &)'; no viable 'begin' function available
    131 |   for (float s : mSource) {
        |                ^ ~~~~~~~
  /Users/danielmiller/Library/Android/sdk/ndk/27.0.12077973/toolchains/llvm/prebuilt/darwin-x86_64/sysroot/usr/include/c++/v1/initializer_list:86:71: note: candidate template ignored: could not match 'initializer_list<_Ep>' against 'void (*)(const std::vector<float> &)'
     86 | inline _LIBCPP_HIDE_FROM_ABI _LIBCPP_CONSTEXPR_SINCE_CXX14 const _Ep* begin(initializer_list<_Ep> __il) _NOEXCEPT {
        |                                                                       ^
  /Users/danielmiller/Library/Android/sdk/ndk/27.0.12077973/toolchains/llvm/prebuilt/darwin-x86_64/sysroot/usr/include/c++/v1/__iterator/access.h:23:46: note: candidate template ignored: could not match '_Tp[_Np]' against 'void (const std::vector<float> &)'
     23 | _LIBCPP_HIDE_FROM_ABI _LIBCPP_CONSTEXPR _Tp* begin(_Tp (&__array)[_Np]) _NOEXCEPT {
        |                                              ^
  /Users/danielmiller/Library/Android/sdk/ndk/27.0.12077973/toolchains/llvm/prebuilt/darwin-x86_64/sysroot/usr/include/c++/v1/__iterator/access.h:35:58: note: candidate template ignored: substitution failure [with _Cp = void (const std::vector<float> &)]: member reference base type 'void (const std::vector<float> &)' is not a structure or union
     35 | _LIBCPP_HIDE_FROM_ABI _LIBCPP_CONSTEXPR_SINCE_CXX17 auto begin(_Cp& __c) -> decltype(__c.begin()) {
        |                                                          ^                              ~
  /Users/danielmiller/Library/Android/sdk/ndk/27.0.12077973/toolchains/llvm/prebuilt/darwin-x86_64/sysroot/usr/include/c++/v1/__iterator/access.h:40:58: note: candidate template ignored: substitution failure [with _Cp = void (const std::vector<float> &)]: member reference base type 'void (const std::vector<float> &)' is not a structure or union
     40 | _LIBCPP_HIDE_FROM_ABI _LIBCPP_CONSTEXPR_SINCE_CXX17 auto begin(const _Cp& __c) -> decltype(__c.begin()) {
        |                                                          ^                                    ~
  In file included from /Users/danielmiller/Documents/Code Projects/ancient-halley/app/src/main/cpp/native-lib.cpp:1:
  In file included from /Users/danielmiller/Documents/Code Projects/ancient-halley/app/src/main/cpp/AudioEngine.h:17:
  /Users/danielmiller/Documents/Code Projects/ancient-halley/app/src/main/cpp/engines/GranularEngine.h:138:20: error: use of undeclared identifier 'mSource'; did you mean 'setSource'?
    138 |     for (auto &s : mSource)
        |                    ^~~~~~~
        |                    setSource
  /Users/danielmiller/Documents/Code Projects/ancient-halley/app/src/main/cpp/engines/GranularEngine.h:121:8: note: 'setSource' declared here
    121 |   void setSource(const std::vector<float> &source) {
        |        ^
  /Users/danielmiller/Documents/Code Projects/ancient-halley/app/src/main/cpp/engines/GranularEngine.h:138:18: error: invalid range expression of type 'void (const std::vector<float> &)'; no viable 'begin' function available
    138 |     for (auto &s : mSource)
        |                  ^ ~~~~~~~
  /Users/danielmiller/Library/Android/sdk/ndk/27.0.12077973/toolchains/llvm/prebuilt/darwin-x86_64/sysroot/usr/include/c++/v1/initializer_list:86:71: note: candidate template ignored: could not match 'initializer_list<_Ep>' against 'void (*)(const std::vector<float> &)'
     86 | inline _LIBCPP_HIDE_FROM_ABI _LIBCPP_CONSTEXPR_SINCE_CXX14 const _Ep* begin(initializer_list<_Ep> __il) _NOEXCEPT {
        |                                                                       ^
  /Users/danielmiller/Library/Android/sdk/ndk/27.0.12077973/toolchains/llvm/prebuilt/darwin-x86_64/sysroot/usr/include/c++/v1/__iterator/access.h:23:46: note: candidate template ignored: could not match '_Tp[_Np]' against 'void (const std::vector<float> &)'
     23 | _LIBCPP_HIDE_FROM_ABI _LIBCPP_CONSTEXPR _Tp* begin(_Tp (&__array)[_Np]) _NOEXCEPT {
        |                                              ^
  /Users/danielmiller/Library/Android/sdk/ndk/27.0.12077973/toolchains/llvm/prebuilt/darwin-x86_64/sysroot/usr/include/c++/v1/__iterator/access.h:35:58: note: candidate template ignored: substitution failure [with _Cp = void (const std::vector<float> &)]: member reference base type 'void (const std::vector<float> &)' is not a structure or union
     35 | _LIBCPP_HIDE_FROM_ABI _LIBCPP_CONSTEXPR_SINCE_CXX17 auto begin(_Cp& __c) -> decltype(__c.begin()) {
        |                                                          ^                              ~
  /Users/danielmiller/Library/Android/sdk/ndk/27.0.12077973/toolchains/llvm/prebuilt/darwin-x86_64/sysroot/usr/include/c++/v1/__iterator/access.h:40:58: note: candidate template ignored: substitution failure [with _Cp = void (const std::vector<float> &)]: member reference base type 'void (const std::vector<float> &)' is not a structure or union
     40 | _LIBCPP_HIDE_FROM_ABI _LIBCPP_CONSTEXPR_SINCE_CXX17 auto begin(const _Cp& __c) -> decltype(__c.begin()) {
        |                                                          ^                                    ~
  In file included from /Users/danielmiller/Documents/Code Projects/ancient-halley/app/src/main/cpp/native-lib.cpp:1:
  In file included from /Users/danielmiller/Documents/Code Projects/ancient-halley/app/src/main/cpp/AudioEngine.h:17:
  /Users/danielmiller/Documents/Code Projects/ancient-halley/app/src/main/cpp/engines/GranularEngine.h:144:3: error: use of undeclared identifier 'mIsActive'
    144 |   mIsActive = true;
        |   ^
  /Users/danielmiller/Documents/Code Projects/ancient-halley/app/src/main/cpp/engines/GranularEngine.h:145:3: error: use of undeclared identifier 'mAmplitude'
    145 |   mAmplitude = velocity / 127.0f;
        |   ^
  /Users/danielmiller/Documents/Code Projects/ancient-halley/app/src/main/cpp/engines/GranularEngine.h:146:3: error: use of undeclared identifier 'mBasePitch'
    146 |   mBasePitch = powf(2.0f, (note - 60) / 12.0f);
        |   ^
  fatal error: too many errors emitted, stopping now [-ferror-limit=]
  20 errors generated.
  [2/3] Building CXX object CMakeFiles/native-lib.dir/AudioEngine.cpp.o
  FAILED: CMakeFiles/native-lib.dir/AudioEngine.cpp.o 
  /Users/danielmiller/Library/Android/sdk/ndk/27.0.12077973/toolchains/llvm/prebuilt/darwin-x86_64/bin/clang++ --target=aarch64-none-linux-android26 --sysroot=/Users/danielmiller/Library/Android/sdk/ndk/27.0.12077973/toolchains/llvm/prebuilt/darwin-x86_64/sysroot -Dnative_lib_EXPORTS -isystem /Users/danielmiller/.gradle/caches/8.13/transforms/a0de23ce9aa0dadb88065bbd5f98db59/transformed/oboe-1.9.0/prefab/modules/oboe/include -g -DANDROID -fdata-sections -ffunction-sections -funwind-tables -fstack-protector-strong -no-canonical-prefixes -D_FORTIFY_SOURCE=2 -Wformat -Werror=format-security  -std=c++17 -O3 -ffast-math -fno-limit-debug-info  -fPIC -MD -MT CMakeFiles/native-lib.dir/AudioEngine.cpp.o -MF CMakeFiles/native-lib.dir/AudioEngine.cpp.o.d -o CMakeFiles/native-lib.dir/AudioEngine.cpp.o -c '/Users/danielmiller/Documents/Code Projects/ancient-halley/app/src/main/cpp/AudioEngine.cpp'
  In file included from /Users/danielmiller/Documents/Code Projects/ancient-halley/app/src/main/cpp/AudioEngine.cpp:1:
  In file included from /Users/danielmiller/Documents/Code Projects/ancient-halley/app/src/main/cpp/AudioEngine.h:17:
  /Users/danielmiller/Documents/Code Projects/ancient-halley/app/src/main/cpp/engines/GranularEngine.h:110:3: error: unknown type name 'mLFOS'
    110 |   mLFOS.resize(3);
        |   ^
  /Users/danielmiller/Documents/Code Projects/ancient-halley/app/src/main/cpp/engines/GranularEngine.h:110:8: error: expected member name or ';' after declaration specifiers
    110 |   mLFOS.resize(3);
        |   ~~~~~^
  /Users/danielmiller/Documents/Code Projects/ancient-halley/app/src/main/cpp/engines/GranularEngine.h:111:3: error: unknown type name 'mGrains'; did you mean 'Grain'?
    111 |   mGrains.resize(100);
        |   ^~~~~~~
        |   Grain
  /Users/danielmiller/Documents/Code Projects/ancient-halley/app/src/main/cpp/engines/GranularEngine.h:11:10: note: 'Grain' declared here
     11 |   struct Grain {
        |          ^
  /Users/danielmiller/Documents/Code Projects/ancient-halley/app/src/main/cpp/engines/GranularEngine.h:111:10: error: expected member name or ';' after declaration specifiers
    111 |   mGrains.resize(100);
        |   ~~~~~~~^
  /Users/danielmiller/Documents/Code Projects/ancient-halley/app/src/main/cpp/engines/GranularEngine.h:112:3: error: expected member name or ';' after declaration specifiers
    112 |   for (auto &g : mGrains) {
        |   ^
  /Users/danielmiller/Documents/Code Projects/ancient-halley/app/src/main/cpp/engines/GranularEngine.h:118:3: error: a type specifier is required for all declarations
    118 |   mGrainSize = 0.2; // 200ms
        |   ^
  /Users/danielmiller/Documents/Code Projects/ancient-halley/app/src/main/cpp/engines/GranularEngine.h:119:2: error: expected ';' after class
    119 | }
        |  ^
        |  ;
  /Users/danielmiller/Documents/Code Projects/ancient-halley/app/src/main/cpp/engines/GranularEngine.h:122:3: error: use of undeclared identifier 'mSource'; did you mean 'source'?
    122 |   mSource = source;
        |   ^~~~~~~
        |   source
  /Users/danielmiller/Documents/Code Projects/ancient-halley/app/src/main/cpp/engines/GranularEngine.h:121:44: note: 'source' declared here
    121 |   void setSource(const std::vector<float> &source) {
        |                                            ^
  /Users/danielmiller/Documents/Code Projects/ancient-halley/app/src/main/cpp/engines/GranularEngine.h:122:11: error: no viable overloaded '='
    122 |   mSource = source;
        |   ~~~~~~~ ^ ~~~~~~
  /Users/danielmiller/Library/Android/sdk/ndk/27.0.12077973/toolchains/llvm/prebuilt/darwin-x86_64/sysroot/usr/include/c++/v1/vector:506:63: note: candidate function not viable: 'this' argument has type 'const std::vector<float>', but method is not marked const
    506 |   _LIBCPP_CONSTEXPR_SINCE_CXX20 _LIBCPP_HIDE_FROM_ABI vector& operator=(const vector& __x);
        |                                                               ^
  /Users/danielmiller/Library/Android/sdk/ndk/27.0.12077973/toolchains/llvm/prebuilt/darwin-x86_64/sysroot/usr/include/c++/v1/vector:514:63: note: candidate function not viable: 'this' argument has type 'const std::vector<float>', but method is not marked const
    514 |   _LIBCPP_CONSTEXPR_SINCE_CXX20 _LIBCPP_HIDE_FROM_ABI vector& operator=(initializer_list<value_type> __il) {
        |                                                               ^
  /Users/danielmiller/Library/Android/sdk/ndk/27.0.12077973/toolchains/llvm/prebuilt/darwin-x86_64/sysroot/usr/include/c++/v1/vector:529:63: note: candidate function not viable: 'this' argument has type 'const std::vector<float>', but method is not marked const
    529 |   _LIBCPP_CONSTEXPR_SINCE_CXX20 _LIBCPP_HIDE_FROM_ABI vector& operator=(vector&& __x)
        |                                                               ^
  In file included from /Users/danielmiller/Documents/Code Projects/ancient-halley/app/src/main/cpp/AudioEngine.cpp:1:
  In file included from /Users/danielmiller/Documents/Code Projects/ancient-halley/app/src/main/cpp/AudioEngine.h:17:
  /Users/danielmiller/Documents/Code Projects/ancient-halley/app/src/main/cpp/engines/GranularEngine.h:124:22: error: use of undeclared identifier 'mSource'
    124 | void clearSource() { mSource.clear(); }
        |                      ^
  /Users/danielmiller/Documents/Code Projects/ancient-halley/app/src/main/cpp/engines/GranularEngine.h:125:33: error: use of undeclared identifier 'mSource'
    125 | void pushSample(float sample) { mSource.push_back(sample); }
        |                                 ^
  /Users/danielmiller/Documents/Code Projects/ancient-halley/app/src/main/cpp/engines/GranularEngine.h:128:7: error: use of undeclared identifier 'mSource'
    128 |   if (mSource.empty())
        |       ^
  /Users/danielmiller/Documents/Code Projects/ancient-halley/app/src/main/cpp/engines/GranularEngine.h:131:18: error: use of undeclared identifier 'mSource'; did you mean 'setSource'?
    131 |   for (float s : mSource) {
        |                  ^~~~~~~
        |                  setSource
  /Users/danielmiller/Documents/Code Projects/ancient-halley/app/src/main/cpp/engines/GranularEngine.h:121:8: note: 'setSource' declared here
    121 |   void setSource(const std::vector<float> &source) {
        |        ^
  /Users/danielmiller/Documents/Code Projects/ancient-halley/app/src/main/cpp/engines/GranularEngine.h:131:16: error: invalid range expression of type 'void (const std::vector<float> &)'; no viable 'begin' function available
    131 |   for (float s : mSource) {
        |                ^ ~~~~~~~
  /Users/danielmiller/Library/Android/sdk/ndk/27.0.12077973/toolchains/llvm/prebuilt/darwin-x86_64/sysroot/usr/include/c++/v1/initializer_list:86:71: note: candidate template ignored: could not match 'initializer_list<_Ep>' against 'void (*)(const std::vector<float> &)'
     86 | inline _LIBCPP_HIDE_FROM_ABI _LIBCPP_CONSTEXPR_SINCE_CXX14 const _Ep* begin(initializer_list<_Ep> __il) _NOEXCEPT {
        |                                                                       ^
  /Users/danielmiller/Library/Android/sdk/ndk/27.0.12077973/toolchains/llvm/prebuilt/darwin-x86_64/sysroot/usr/include/c++/v1/__iterator/access.h:23:46: note: candidate template ignored: could not match '_Tp[_Np]' against 'void (const std::vector<float> &)'
     23 | _LIBCPP_HIDE_FROM_ABI _LIBCPP_CONSTEXPR _Tp* begin(_Tp (&__array)[_Np]) _NOEXCEPT {
        |                                              ^
  /Users/danielmiller/Library/Android/sdk/ndk/27.0.12077973/toolchains/llvm/prebuilt/darwin-x86_64/sysroot/usr/include/c++/v1/__iterator/access.h:35:58: note: candidate template ignored: substitution failure [with _Cp = void (const std::vector<float> &)]: member reference base type 'void (const std::vector<float> &)' is not a structure or union
     35 | _LIBCPP_HIDE_FROM_ABI _LIBCPP_CONSTEXPR_SINCE_CXX17 auto begin(_Cp& __c) -> decltype(__c.begin()) {
        |                                                          ^                              ~
  /Users/danielmiller/Library/Android/sdk/ndk/27.0.12077973/toolchains/llvm/prebuilt/darwin-x86_64/sysroot/usr/include/c++/v1/__iterator/access.h:40:58: note: candidate template ignored: substitution failure [with _Cp = void (const std::vector<float> &)]: member reference base type 'void (const std::vector<float> &)' is not a structure or union
     40 | _LIBCPP_HIDE_FROM_ABI _LIBCPP_CONSTEXPR_SINCE_CXX17 auto begin(const _Cp& __c) -> decltype(__c.begin()) {
        |                                                          ^                                    ~
  In file included from /Users/danielmiller/Documents/Code Projects/ancient-halley/app/src/main/cpp/AudioEngine.cpp:1:
  In file included from /Users/danielmiller/Documents/Code Projects/ancient-halley/app/src/main/cpp/AudioEngine.h:17:
  /Users/danielmiller/Documents/Code Projects/ancient-halley/app/src/main/cpp/engines/GranularEngine.h:138:20: error: use of undeclared identifier 'mSource'; did you mean 'setSource'?
    138 |     for (auto &s : mSource)
        |                    ^~~~~~~
        |                    setSource
  /Users/danielmiller/Documents/Code Projects/ancient-halley/app/src/main/cpp/engines/GranularEngine.h:121:8: note: 'setSource' declared here
    121 |   void setSource(const std::vector<float> &source) {
        |        ^
  /Users/danielmiller/Documents/Code Projects/ancient-halley/app/src/main/cpp/engines/GranularEngine.h:138:18: error: invalid range expression of type 'void (const std::vector<float> &)'; no viable 'begin' function available
    138 |     for (auto &s : mSource)
        |                  ^ ~~~~~~~
  /Users/danielmiller/Library/Android/sdk/ndk/27.0.12077973/toolchains/llvm/prebuilt/darwin-x86_64/sysroot/usr/include/c++/v1/initializer_list:86:71: note: candidate template ignored: could not match 'initializer_list<_Ep>' against 'void (*)(const std::vector<float> &)'
     86 | inline _LIBCPP_HIDE_FROM_ABI _LIBCPP_CONSTEXPR_SINCE_CXX14 const _Ep* begin(initializer_list<_Ep> __il) _NOEXCEPT {
        |                                                                       ^
  /Users/danielmiller/Library/Android/sdk/ndk/27.0.12077973/toolchains/llvm/prebuilt/darwin-x86_64/sysroot/usr/include/c++/v1/__iterator/access.h:23:46: note: candidate template ignored: could not match '_Tp[_Np]' against 'void (const std::vector<float> &)'
     23 | _LIBCPP_HIDE_FROM_ABI _LIBCPP_CONSTEXPR _Tp* begin(_Tp (&__array)[_Np]) _NOEXCEPT {
        |                                              ^
  /Users/danielmiller/Library/Android/sdk/ndk/27.0.12077973/toolchains/llvm/prebuilt/darwin-x86_64/sysroot/usr/include/c++/v1/__iterator/access.h:35:58: note: candidate template ignored: substitution failure [with _Cp = void (const std::vector<float> &)]: member reference base type 'void (const std::vector<float> &)' is not a structure or union
     35 | _LIBCPP_HIDE_FROM_ABI _LIBCPP_CONSTEXPR_SINCE_CXX17 auto begin(_Cp& __c) -> decltype(__c.begin()) {
        |                                                          ^                              ~
  /Users/danielmiller/Library/Android/sdk/ndk/27.0.12077973/toolchains/llvm/prebuilt/darwin-x86_64/sysroot/usr/include/c++/v1/__iterator/access.h:40:58: note: candidate template ignored: substitution failure [with _Cp = void (const std::vector<float> &)]: member reference base type 'void (const std::vector<float> &)' is not a structure or union
     40 | _LIBCPP_HIDE_FROM_ABI _LIBCPP_CONSTEXPR_SINCE_CXX17 auto begin(const _Cp& __c) -> decltype(__c.begin()) {
        |                                                          ^                                    ~
  In file included from /Users/danielmiller/Documents/Code Projects/ancient-halley/app/src/main/cpp/AudioEngine.cpp:1:
  In file included from /Users/danielmiller/Documents/Code Projects/ancient-halley/app/src/main/cpp/AudioEngine.h:17:
  /Users/danielmiller/Documents/Code Projects/ancient-halley/app/src/main/cpp/engines/GranularEngine.h:144:3: error: use of undeclared identifier 'mIsActive'
    144 |   mIsActive = true;
        |   ^
  /Users/danielmiller/Documents/Code Projects/ancient-halley/app/src/main/cpp/engines/GranularEngine.h:145:3: error: use of undeclared identifier 'mAmplitude'
    145 |   mAmplitude = velocity / 127.0f;
        |   ^
  /Users/danielmiller/Documents/Code Projects/ancient-halley/app/src/main/cpp/engines/GranularEngine.h:146:3: error: use of undeclared identifier 'mBasePitch'
    146 |   mBasePitch = powf(2.0f, (note - 60) / 12.0f);
        |   ^
  fatal error: too many errors emitted, stopping now [-ferror-limit=]
  20 errors generated.
  ninja: build stopped: subcommand failed.
  
  C++ build system [build] failed while executing:
      /Users/danielmiller/Library/Android/sdk/cmake/3.22.1/bin/ninja \
        -C \
        "/Users/danielmiller/Documents/Code Projects/ancient-halley/app/.cxx/Debug/c57145c4/arm64-v8a" \
        native-lib
    from /Users/danielmiller/Documents/Code Projects/ancient-halley/app

* Try:
> Run with --stacktrace option to get the stack trace.
> Run with --info or --debug option to get more log output.
> Run with --scan to get full insights.
> Get more help at https://help.gradle.org.
==============================================================================

2: Task failed with an exception.
-----------
* What went wrong:
Execution failed for task ':app:compileDebugKotlin'.
> A failure occurred while executing org.jetbrains.kotlin.compilerRunner.GradleCompilerRunnerWithWorkers$GradleKotlinCompilerWorkAction
   > Compilation error. See log for more details

* Try:
> Run with --stacktrace option to get the stack trace.
> Run with --info or --debug option to get more log output.
> Run with --scan to get full insights.
> Get more help at https://help.gradle.org.
==============================================================================

Deprecated Gradle features were used in this build, making it incompatible with Gradle 9.0.

You can use '--warning-mode all' to show the individual deprecation warnings and determine if they come from your own scripts or plugins.

For more on this, please refer to https://docs.gradle.org/8.13/userguide/command_line_interface.html#sec:command_line_warnings in the Gradle documentation.

BUILD FAILED in 27s
26 actionable tasks: 3 executed, 23 up-to-date
