> Task :app:preBuild UP-TO-DATE
> Task :app:preDebugBuild UP-TO-DATE
> Task :app:checkDebugAarMetadata UP-TO-DATE
> Task :app:processDebugNavigationResources UP-TO-DATE
> Task :app:compileDebugNavigationResources UP-TO-DATE
> Task :app:generateDebugResValues UP-TO-DATE
> Task :app:mapDebugSourceSetPaths UP-TO-DATE
> Task :app:generateDebugResources UP-TO-DATE
> Task :app:mergeDebugResources UP-TO-DATE
> Task :app:packageDebugResources UP-TO-DATE
> Task :app:parseDebugLocalResources UP-TO-DATE
> Task :app:createDebugCompatibleScreenManifests UP-TO-DATE
> Task :app:extractDeepLinksDebug UP-TO-DATE
> Task :app:processDebugMainManifest UP-TO-DATE
> Task :app:processDebugManifest UP-TO-DATE
> Task :app:processDebugManifestForPackage UP-TO-DATE
> Task :app:processDebugResources UP-TO-DATE
> Task :app:compileDebugKotlin
e: file:///Users/danielmiller/Documents/Code%20Projects/Loom%20Groovebox/app/src/main/java/com/groovebox/MainActivity.kt:5367:1 Expecting a top level declaration
e: file:///Users/danielmiller/Documents/Code%20Projects/Loom%20Groovebox/app/src/main/java/com/groovebox/MainActivity.kt:5371:5 Expecting a top level declaration
e: file:///Users/danielmiller/Documents/Code%20Projects/Loom%20Groovebox/app/src/main/java/com/groovebox/MainActivity.kt:5371:8 Expecting a top level declaration
e: file:///Users/danielmiller/Documents/Code%20Projects/Loom%20Groovebox/app/src/main/java/com/groovebox/MainActivity.kt:5371:9 Expecting a top level declaration
e: file:///Users/danielmiller/Documents/Code%20Projects/Loom%20Groovebox/app/src/main/java/com/groovebox/MainActivity.kt:5371:22 Expecting a top level declaration
e: file:///Users/danielmiller/Documents/Code%20Projects/Loom%20Groovebox/app/src/main/java/com/groovebox/MainActivity.kt:5371:24 Expecting a top level declaration
e: file:///Users/danielmiller/Documents/Code%20Projects/Loom%20Groovebox/app/src/main/java/com/groovebox/MainActivity.kt:5431:5 Expecting a top level declaration
e: file:///Users/danielmiller/Documents/Code%20Projects/Loom%20Groovebox/app/src/main/java/com/groovebox/MainActivity.kt:5431:8 Expecting a top level declaration
e: file:///Users/danielmiller/Documents/Code%20Projects/Loom%20Groovebox/app/src/main/java/com/groovebox/MainActivity.kt:5431:9 Expecting a top level declaration
e: file:///Users/danielmiller/Documents/Code%20Projects/Loom%20Groovebox/app/src/main/java/com/groovebox/MainActivity.kt:5431:26 Expecting a top level declaration
e: file:///Users/danielmiller/Documents/Code%20Projects/Loom%20Groovebox/app/src/main/java/com/groovebox/MainActivity.kt:5431:28 Expecting a top level declaration
e: file:///Users/danielmiller/Documents/Code%20Projects/Loom%20Groovebox/app/src/main/java/com/groovebox/MainActivity.kt:5473:5 Expecting a top level declaration
e: file:///Users/danielmiller/Documents/Code%20Projects/Loom%20Groovebox/app/src/main/java/com/groovebox/MainActivity.kt:5473:21 Expecting a top level declaration
e: file:///Users/danielmiller/Documents/Code%20Projects/Loom%20Groovebox/app/src/main/java/com/groovebox/MainActivity.kt:5474:9 Expecting a top level declaration
e: file:///Users/danielmiller/Documents/Code%20Projects/Loom%20Groovebox/app/src/main/java/com/groovebox/MainActivity.kt:5474:16 Expecting a top level declaration
e: file:///Users/danielmiller/Documents/Code%20Projects/Loom%20Groovebox/app/src/main/java/com/groovebox/MainActivity.kt:5474:18 Expecting a top level declaration
e: file:///Users/danielmiller/Documents/Code%20Projects/Loom%20Groovebox/app/src/main/java/com/groovebox/MainActivity.kt:5474:29 Expecting a top level declaration
e: file:///Users/danielmiller/Documents/Code%20Projects/Loom%20Groovebox/app/src/main/java/com/groovebox/MainActivity.kt:5475:9 Expecting a top level declaration
e: file:///Users/danielmiller/Documents/Code%20Projects/Loom%20Groovebox/app/src/main/java/com/groovebox/MainActivity.kt:5475:19 Expecting a top level declaration
e: file:///Users/danielmiller/Documents/Code%20Projects/Loom%20Groovebox/app/src/main/java/com/groovebox/MainActivity.kt:5475:21 Expecting a top level declaration
e: file:///Users/danielmiller/Documents/Code%20Projects/Loom%20Groovebox/app/src/main/java/com/groovebox/MainActivity.kt:5475:44 Expecting a top level declaration
e: file:///Users/danielmiller/Documents/Code%20Projects/Loom%20Groovebox/app/src/main/java/com/groovebox/MainActivity.kt:5476:9 Expecting a top level declaration
e: file:///Users/danielmiller/Documents/Code%20Projects/Loom%20Groovebox/app/src/main/java/com/groovebox/MainActivity.kt:5476:15 Expecting a top level declaration
e: file:///Users/danielmiller/Documents/Code%20Projects/Loom%20Groovebox/app/src/main/java/com/groovebox/MainActivity.kt:5476:17 Expecting a top level declaration
e: file:///Users/danielmiller/Documents/Code%20Projects/Loom%20Groovebox/app/src/main/java/com/groovebox/MainActivity.kt:5476:28 Expecting a top level declaration
e: file:///Users/danielmiller/Documents/Code%20Projects/Loom%20Groovebox/app/src/main/java/com/groovebox/MainActivity.kt:5477:9 Expecting a top level declaration
e: file:///Users/danielmiller/Documents/Code%20Projects/Loom%20Groovebox/app/src/main/java/com/groovebox/MainActivity.kt:5477:23 Expecting a top level declaration
e: file:///Users/danielmiller/Documents/Code%20Projects/Loom%20Groovebox/app/src/main/java/com/groovebox/MainActivity.kt:5477:25 Expecting a top level declaration
e: file:///Users/danielmiller/Documents/Code%20Projects/Loom%20Groovebox/app/src/main/java/com/groovebox/MainActivity.kt:5477:44 Expecting a top level declaration
e: file:///Users/danielmiller/Documents/Code%20Projects/Loom%20Groovebox/app/src/main/java/com/groovebox/MainActivity.kt:5478:9 Expecting a top level declaration
e: file:///Users/danielmiller/Documents/Code%20Projects/Loom%20Groovebox/app/src/main/java/com/groovebox/MainActivity.kt:5478:19 Expecting a top level declaration
e: file:///Users/danielmiller/Documents/Code%20Projects/Loom%20Groovebox/app/src/main/java/com/groovebox/MainActivity.kt:5478:21 Expecting a top level declaration
e: file:///Users/danielmiller/Documents/Code%20Projects/Loom%20Groovebox/app/src/main/java/com/groovebox/MainActivity.kt:5479:5 Expecting a top level declaration
e: file:///Users/danielmiller/Documents/Code%20Projects/Loom%20Groovebox/app/src/main/java/com/groovebox/MainActivity.kt:5480:1 Expecting a top level declaration
e: file:///Users/danielmiller/Documents/Code%20Projects/Loom%20Groovebox/app/src/main/java/com/groovebox/MainActivity.kt:5370:22 @Composable invocations can only happen from the context of a @Composable function
e: file:///Users/danielmiller/Documents/Code%20Projects/Loom%20Groovebox/app/src/main/java/com/groovebox/MainActivity.kt:5371:24 Functions which invoke @Composable functions must be marked with the @Composable annotation
e: file:///Users/danielmiller/Documents/Code%20Projects/Loom%20Groovebox/app/src/main/java/com/groovebox/MainActivity.kt:5371:24 Conflicting overloads: public fun `<no name provided>`(): Unit defined in com.groovebox in file MainActivity.kt, public fun `<no name provided>`(): Unit defined in com.groovebox in file MainActivity.kt, public fun `<no name provided>`(): Unit defined in com.groovebox in file MainActivity.kt
e: file:///Users/danielmiller/Documents/Code%20Projects/Loom%20Groovebox/app/src/main/java/com/groovebox/MainActivity.kt:5371:24 Function declaration must have a name
e: file:///Users/danielmiller/Documents/Code%20Projects/Loom%20Groovebox/app/src/main/java/com/groovebox/MainActivity.kt:5372:9 @Composable invocations can only happen from the context of a @Composable function
e: file:///Users/danielmiller/Documents/Code%20Projects/Loom%20Groovebox/app/src/main/java/com/groovebox/MainActivity.kt:5373:34 Unresolved reference: showScaleMenu
e: file:///Users/danielmiller/Documents/Code%20Projects/Loom%20Groovebox/app/src/main/java/com/groovebox/MainActivity.kt:5399:42 Unresolved reference: state
e: file:///Users/danielmiller/Documents/Code%20Projects/Loom%20Groovebox/app/src/main/java/com/groovebox/MainActivity.kt:5402:33 Unresolved reference: onStateChange
e: file:///Users/danielmiller/Documents/Code%20Projects/Loom%20Groovebox/app/src/main/java/com/groovebox/MainActivity.kt:5402:47 Unresolved reference: state
e: file:///Users/danielmiller/Documents/Code%20Projects/Loom%20Groovebox/app/src/main/java/com/groovebox/MainActivity.kt:5403:33 Unresolved reference: nativeLib
e: file:///Users/danielmiller/Documents/Code%20Projects/Loom%20Groovebox/app/src/main/java/com/groovebox/MainActivity.kt:5403:58 Unresolved reference: state
e: file:///Users/danielmiller/Documents/Code%20Projects/Loom%20Groovebox/app/src/main/java/com/groovebox/MainActivity.kt:5404:33 Unresolved reference: showScaleMenu
e: file:///Users/danielmiller/Documents/Code%20Projects/Loom%20Groovebox/app/src/main/java/com/groovebox/MainActivity.kt:5431:28 Functions which invoke @Composable functions must be marked with the @Composable annotation
e: file:///Users/danielmiller/Documents/Code%20Projects/Loom%20Groovebox/app/src/main/java/com/groovebox/MainActivity.kt:5431:28 Conflicting overloads: public fun `<no name provided>`(): Unit defined in com.groovebox in file MainActivity.kt, public fun `<no name provided>`(): Unit defined in com.groovebox in file MainActivity.kt, public fun `<no name provided>`(): Unit defined in com.groovebox in file MainActivity.kt
e: file:///Users/danielmiller/Documents/Code%20Projects/Loom%20Groovebox/app/src/main/java/com/groovebox/MainActivity.kt:5431:28 Function declaration must have a name
e: file:///Users/danielmiller/Documents/Code%20Projects/Loom%20Groovebox/app/src/main/java/com/groovebox/MainActivity.kt:5432:36 @Composable invocations can only happen from the context of a @Composable function
e: file:///Users/danielmiller/Documents/Code%20Projects/Loom%20Groovebox/app/src/main/java/com/groovebox/MainActivity.kt:5433:34 Unresolved reference: showTransposeMenu
e: file:///Users/danielmiller/Documents/Code%20Projects/Loom%20Groovebox/app/src/main/java/com/groovebox/MainActivity.kt:5450:45 Unresolved reference: state
e: file:///Users/danielmiller/Documents/Code%20Projects/Loom%20Groovebox/app/src/main/java/com/groovebox/MainActivity.kt:5454:33 Unresolved reference: onStateChange
e: file:///Users/danielmiller/Documents/Code%20Projects/Loom%20Groovebox/app/src/main/java/com/groovebox/MainActivity.kt:5454:47 Unresolved reference: state
e: file:///Users/danielmiller/Documents/Code%20Projects/Loom%20Groovebox/app/src/main/java/com/groovebox/MainActivity.kt:5455:33 Unresolved reference: nativeLib
e: file:///Users/danielmiller/Documents/Code%20Projects/Loom%20Groovebox/app/src/main/java/com/groovebox/MainActivity.kt:5455:67 Unresolved reference: state
e: file:///Users/danielmiller/Documents/Code%20Projects/Loom%20Groovebox/app/src/main/java/com/groovebox/MainActivity.kt:5456:33 Unresolved reference: showTransposeMenu
e: file:///Users/danielmiller/Documents/Code%20Projects/Loom%20Groovebox/app/src/main/java/com/groovebox/MainActivity.kt:5458:41 Unresolved reference: state
e: file:///Users/danielmiller/Documents/Code%20Projects/Loom%20Groovebox/app/src/main/java/com/groovebox/MainActivity.kt:5459:42 Unresolved reference: state
e: file:///Users/danielmiller/Documents/Code%20Projects/Loom%20Groovebox/app/src/main/java/com/groovebox/MainActivity.kt:5464:101 Unresolved reference: state
e: file:///Users/danielmiller/Documents/Code%20Projects/Loom%20Groovebox/app/src/main/java/com/groovebox/MainActivity.kt:5475:21 Conflicting overloads: public fun `<no name provided>`(): Unit defined in com.groovebox in file MainActivity.kt, public fun `<no name provided>`(): Unit defined in com.groovebox in file MainActivity.kt, public fun `<no name provided>`(): Unit defined in com.groovebox in file MainActivity.kt
e: file:///Users/danielmiller/Documents/Code%20Projects/Loom%20Groovebox/app/src/main/java/com/groovebox/MainActivity.kt:5475:21 Function declaration must have a name
e: file:///Users/danielmiller/Documents/Code%20Projects/Loom%20Groovebox/app/src/main/java/com/groovebox/MainActivity.kt:5475:23 Unresolved reference: showArpMenu

> Task :app:compileDebugKotlin FAILED

[Incubating] Problems report is available at: file:///Users/danielmiller/Documents/Code%20Projects/Loom%20Groovebox/build/reports/problems/problems-report.html

FAILURE: Build failed with an exception.

* What went wrong:
Execution failed for task ':app:compileDebugKotlin'.
> A failure occurred while executing org.jetbrains.kotlin.compilerRunner.GradleCompilerRunnerWithWorkers$GradleKotlinCompilerWorkAction
   > Compilation error. See log for more details

* Try:
> Run with --stacktrace option to get the stack trace.
> Run with --info or --debug option to get more log output.
> Run with --scan to get full insights.
> Get more help at https://help.gradle.org.

Deprecated Gradle features were used in this build, making it incompatible with Gradle 9.0.

You can use '--warning-mode all' to show the individual deprecation warnings and determine if they come from your own scripts or plugins.

For more on this, please refer to https://docs.gradle.org/8.13/userguide/command_line_interface.html#sec:command_line_warnings in the Gradle documentation.

BUILD FAILED in 44s
16 actionable tasks: 1 executed, 15 up-to-date
